{"/home/sanketdhokte/projects/genbi-data-engine/src/config/config.js": {"path":"/home/sanketdhokte/projects/genbi-data-engine/src/config/config.js","statementMap":{"0":{"start":{"line":1,"column":15},"end":{"line":1,"column":32}},"1":{"start":{"line":2,"column":13},"end":{"line":2,"column":28}},"2":{"start":{"line":3,"column":11},"end":{"line":3,"column":24}},"3":{"start":{"line":6,"column":0},"end":{"line":6,"column":16}},"4":{"start":{"line":13,"column":4},"end":{"line":39,"column":6}},"5":{"start":{"line":42,"column":4},"end":{"line":44,"column":5}},"6":{"start":{"line":43,"column":6},"end":{"line":43,"column":71}},"7":{"start":{"line":47,"column":20},"end":{"line":47,"column":67}},"8":{"start":{"line":48,"column":4},"end":{"line":50,"column":5}},"9":{"start":{"line":49,"column":6},"end":{"line":49,"column":49}},"10":{"start":{"line":58,"column":4},"end":{"line":58,"column":23}},"11":{"start":{"line":66,"column":4},"end":{"line":66,"column":30}},"12":{"start":{"line":74,"column":4},"end":{"line":74,"column":32}},"13":{"start":{"line":82,"column":4},"end":{"line":82,"column":27}},"14":{"start":{"line":90,"column":4},"end":{"line":90,"column":31}},"15":{"start":{"line":98,"column":4},"end":{"line":98,"column":52}},"16":{"start":{"line":106,"column":4},"end":{"line":106,"column":51}},"17":{"start":{"line":114,"column":4},"end":{"line":114,"column":45}},"18":{"start":{"line":119,"column":0},"end":{"line":119,"column":37}}},"fnMap":{"0":{"name":"(anonymous_0)","decl":{"start":{"line":12,"column":2},"end":{"line":12,"column":3}},"loc":{"start":{"line":12,"column":16},"end":{"line":51,"column":3}},"line":12},"1":{"name":"(anonymous_1)","decl":{"start":{"line":57,"column":2},"end":{"line":57,"column":3}},"loc":{"start":{"line":57,"column":14},"end":{"line":59,"column":3}},"line":57},"2":{"name":"(anonymous_2)","decl":{"start":{"line":65,"column":2},"end":{"line":65,"column":3}},"loc":{"start":{"line":65,"column":20},"end":{"line":67,"column":3}},"line":65},"3":{"name":"(anonymous_3)","decl":{"start":{"line":73,"column":2},"end":{"line":73,"column":3}},"loc":{"start":{"line":73,"column":22},"end":{"line":75,"column":3}},"line":73},"4":{"name":"(anonymous_4)","decl":{"start":{"line":81,"column":2},"end":{"line":81,"column":3}},"loc":{"start":{"line":81,"column":17},"end":{"line":83,"column":3}},"line":81},"5":{"name":"(anonymous_5)","decl":{"start":{"line":89,"column":2},"end":{"line":89,"column":3}},"loc":{"start":{"line":89,"column":21},"end":{"line":91,"column":3}},"line":89},"6":{"name":"(anonymous_6)","decl":{"start":{"line":97,"column":2},"end":{"line":97,"column":3}},"loc":{"start":{"line":97,"column":18},"end":{"line":99,"column":3}},"line":97},"7":{"name":"(anonymous_7)","decl":{"start":{"line":105,"column":2},"end":{"line":105,"column":3}},"loc":{"start":{"line":105,"column":17},"end":{"line":107,"column":3}},"line":105},"8":{"name":"(anonymous_8)","decl":{"start":{"line":113,"column":2},"end":{"line":113,"column":3}},"loc":{"start":{"line":113,"column":11},"end":{"line":115,"column":3}},"line":113}},"branchMap":{"0":{"loc":{"start":{"line":16,"column":14},"end":{"line":16,"column":38}},"type":"binary-expr","locations":[{"start":{"line":16,"column":14},"end":{"line":16,"column":30}},{"start":{"line":16,"column":34},"end":{"line":16,"column":38}}],"line":16},"1":{"loc":{"start":{"line":17,"column":13},"end":{"line":17,"column":50}},"type":"binary-expr","locations":[{"start":{"line":17,"column":13},"end":{"line":17,"column":33}},{"start":{"line":17,"column":37},"end":{"line":17,"column":50}}],"line":17},"2":{"loc":{"start":{"line":18,"column":21},"end":{"line":18,"column":91}},"type":"cond-expr","locations":[{"start":{"line":18,"column":48},"end":{"line":18,"column":83}},{"start":{"line":18,"column":86},"end":{"line":18,"column":91}}],"line":18},"3":{"loc":{"start":{"line":23,"column":22},"end":{"line":23,"column":103}},"type":"binary-expr","locations":[{"start":{"line":23,"column":22},"end":{"line":23,"column":51}},{"start":{"line":23,"column":55},"end":{"line":23,"column":103}}],"line":23},"4":{"loc":{"start":{"line":29,"column":18},"end":{"line":29,"column":80}},"type":"binary-expr","locations":[{"start":{"line":29,"column":18},"end":{"line":29,"column":47}},{"start":{"line":29,"column":51},"end":{"line":29,"column":80}}],"line":29},"5":{"loc":{"start":{"line":30,"column":17},"end":{"line":30,"column":72}},"type":"binary-expr","locations":[{"start":{"line":30,"column":17},"end":{"line":30,"column":44}},{"start":{"line":30,"column":48},"end":{"line":30,"column":72}}],"line":30},"6":{"loc":{"start":{"line":36,"column":15},"end":{"line":36,"column":46}},"type":"binary-expr","locations":[{"start":{"line":36,"column":15},"end":{"line":36,"column":36}},{"start":{"line":36,"column":40},"end":{"line":36,"column":46}}],"line":36},"7":{"loc":{"start":{"line":37,"column":19},"end":{"line":37,"column":74}},"type":"binary-expr","locations":[{"start":{"line":37,"column":19},"end":{"line":37,"column":38}},{"start":{"line":37,"column":42},"end":{"line":37,"column":74}}],"line":37},"8":{"loc":{"start":{"line":42,"column":4},"end":{"line":44,"column":5}},"type":"if","locations":[{"start":{"line":42,"column":4},"end":{"line":44,"column":5}},{"start":{},"end":{}}],"line":42},"9":{"loc":{"start":{"line":48,"column":4},"end":{"line":50,"column":5}},"type":"if","locations":[{"start":{"line":48,"column":4},"end":{"line":50,"column":5}},{"start":{},"end":{}}],"line":48}},"s":{"0":1,"1":1,"2":1,"3":1,"4":1,"5":1,"6":0,"7":1,"8":1,"9":0,"10":0,"11":0,"12":0,"13":0,"14":1,"15":0,"16":1,"17":0,"18":1},"f":{"0":1,"1":0,"2":0,"3":0,"4":0,"5":1,"6":0,"7":1,"8":0},"b":{"0":[1,0],"1":[1,0],"2":[1,0],"3":[1,1],"4":[1,0],"5":[1,0],"6":[1,0],"7":[1,1],"8":[0,1],"9":[0,1]},"inputSourceMap":null,"_coverageSchema":"1a1c01bbd47fc00a2c39e90264f33305004495a9","hash":"7c61e2ea266ded806a2340a7752e42c7bde57d91"}
,"/home/sanketdhokte/projects/genbi-data-engine/src/services/anthropic/anthropicService.js": {"path":"/home/sanketdhokte/projects/genbi-data-engine/src/services/anthropic/anthropicService.js","statementMap":{"0":{"start":{"line":1,"column":15},"end":{"line":1,"column":44}},"1":{"start":{"line":2,"column":38},"end":{"line":2,"column":73}},"2":{"start":{"line":3,"column":30},"end":{"line":3,"column":70}},"3":{"start":{"line":17,"column":4},"end":{"line":17,"column":25}},"4":{"start":{"line":18,"column":4},"end":{"line":18,"column":39}},"5":{"start":{"line":19,"column":4},"end":{"line":19,"column":41}},"6":{"start":{"line":21,"column":4},"end":{"line":24,"column":7}},"7":{"start":{"line":37,"column":4},"end":{"line":85,"column":5}},"8":{"start":{"line":39,"column":25},"end":{"line":39,"column":53}},"9":{"start":{"line":40,"column":6},"end":{"line":42,"column":7}},"10":{"start":{"line":41,"column":8},"end":{"line":41,"column":75}},"11":{"start":{"line":44,"column":6},"end":{"line":44,"column":64}},"12":{"start":{"line":45,"column":6},"end":{"line":45,"column":45}},"13":{"start":{"line":48,"column":27},"end":{"line":51,"column":8}},"14":{"start":{"line":54,"column":23},"end":{"line":56,"column":7}},"15":{"start":{"line":59,"column":23},"end":{"line":63,"column":8}},"16":{"start":{"line":66,"column":23},"end":{"line":66,"column":66}},"17":{"start":{"line":68,"column":6},"end":{"line":68,"column":54}},"18":{"start":{"line":69,"column":6},"end":{"line":69,"column":53}},"19":{"start":{"line":71,"column":6},"end":{"line":71,"column":22}},"20":{"start":{"line":74,"column":6},"end":{"line":84,"column":7}},"21":{"start":{"line":76,"column":8},"end":{"line":76,"column":20}},"22":{"start":{"line":77,"column":13},"end":{"line":84,"column":7}},"23":{"start":{"line":79,"column":8},"end":{"line":79,"column":20}},"24":{"start":{"line":82,"column":8},"end":{"line":82,"column":59}},"25":{"start":{"line":83,"column":8},"end":{"line":83,"column":82}},"26":{"start":{"line":93,"column":4},"end":{"line":93,"column":36}},"27":{"start":{"line":101,"column":4},"end":{"line":101,"column":34}},"28":{"start":{"line":105,"column":0},"end":{"line":105,"column":34}}},"fnMap":{"0":{"name":"(anonymous_0)","decl":{"start":{"line":16,"column":2},"end":{"line":16,"column":3}},"loc":{"start":{"line":16,"column":53},"end":{"line":25,"column":3}},"line":16},"1":{"name":"(anonymous_1)","decl":{"start":{"line":36,"column":2},"end":{"line":36,"column":3}},"loc":{"start":{"line":36,"column":63},"end":{"line":86,"column":3}},"line":36},"2":{"name":"(anonymous_2)","decl":{"start":{"line":92,"column":2},"end":{"line":92,"column":3}},"loc":{"start":{"line":92,"column":15},"end":{"line":94,"column":3}},"line":92},"3":{"name":"(anonymous_3)","decl":{"start":{"line":100,"column":2},"end":{"line":100,"column":3}},"loc":{"start":{"line":100,"column":13},"end":{"line":102,"column":3}},"line":100}},"branchMap":{"0":{"loc":{"start":{"line":36,"column":44},"end":{"line":36,"column":61}},"type":"default-arg","locations":[{"start":{"line":36,"column":53},"end":{"line":36,"column":61}}],"line":36},"1":{"loc":{"start":{"line":40,"column":6},"end":{"line":42,"column":7}},"type":"if","locations":[{"start":{"line":40,"column":6},"end":{"line":42,"column":7}},{"start":{},"end":{}}],"line":40},"2":{"loc":{"start":{"line":74,"column":6},"end":{"line":84,"column":7}},"type":"if","locations":[{"start":{"line":74,"column":6},"end":{"line":84,"column":7}},{"start":{"line":77,"column":13},"end":{"line":84,"column":7}}],"line":74},"3":{"loc":{"start":{"line":77,"column":13},"end":{"line":84,"column":7}},"type":"if","locations":[{"start":{"line":77,"column":13},"end":{"line":84,"column":7}},{"start":{"line":80,"column":13},"end":{"line":84,"column":7}}],"line":77}},"s":{"0":2,"1":2,"2":2,"3":13,"4":13,"5":13,"6":13,"7":6,"8":6,"9":6,"10":1,"11":5,"12":5,"13":5,"14":5,"15":5,"16":5,"17":5,"18":5,"19":5,"20":1,"21":1,"22":0,"23":0,"24":0,"25":0,"26":5,"27":1,"28":2},"f":{"0":13,"1":6,"2":5,"3":1},"b":{"0":[0],"1":[1,5],"2":[1,0],"3":[0,0]},"inputSourceMap":null,"_coverageSchema":"1a1c01bbd47fc00a2c39e90264f33305004495a9","hash":"c21d35065a7930fedea8d84a3180585b2a5c32bb"}
,"/home/sanketdhokte/projects/genbi-data-engine/src/services/anthropic/anthropicServiceFactory.js": {"path":"/home/sanketdhokte/projects/genbi-data-engine/src/services/anthropic/anthropicServiceFactory.js","statementMap":{"0":{"start":{"line":1,"column":25},"end":{"line":1,"column":54}},"1":{"start":{"line":2,"column":22},"end":{"line":2,"column":48}},"2":{"start":{"line":3,"column":23},"end":{"line":3,"column":50}},"3":{"start":{"line":4,"column":28},"end":{"line":4,"column":68}},"4":{"start":{"line":5,"column":28},"end":{"line":5,"column":68}},"5":{"start":{"line":6,"column":15},"end":{"line":6,"column":44}},"6":{"start":{"line":28,"column":4},"end":{"line":34,"column":7}},"7":{"start":{"line":37,"column":26},"end":{"line":40,"column":6}},"8":{"start":{"line":43,"column":27},"end":{"line":45,"column":6}},"9":{"start":{"line":48,"column":28},"end":{"line":48,"column":88}},"10":{"start":{"line":49,"column":19},"end":{"line":49,"column":41}},"11":{"start":{"line":50,"column":18},"end":{"line":50,"column":67}},"12":{"start":{"line":54,"column":24},"end":{"line":58,"column":5}},"13":{"start":{"line":62,"column":4},"end":{"line":73,"column":5}},"14":{"start":{"line":63,"column":6},"end":{"line":63,"column":49}},"15":{"start":{"line":64,"column":6},"end":{"line":66,"column":9}},"16":{"start":{"line":68,"column":6},"end":{"line":68,"column":49}},"17":{"start":{"line":69,"column":6},"end":{"line":72,"column":9}},"18":{"start":{"line":76,"column":4},"end":{"line":76,"column":71}},"19":{"start":{"line":80,"column":0},"end":{"line":80,"column":41}}},"fnMap":{"0":{"name":"(anonymous_0)","decl":{"start":{"line":27,"column":2},"end":{"line":27,"column":3}},"loc":{"start":{"line":27,"column":38},"end":{"line":77,"column":3}},"line":27}},"branchMap":{"0":{"loc":{"start":{"line":27,"column":24},"end":{"line":27,"column":36}},"type":"default-arg","locations":[{"start":{"line":27,"column":34},"end":{"line":27,"column":36}}],"line":27},"1":{"loc":{"start":{"line":48,"column":28},"end":{"line":48,"column":88}},"type":"cond-expr","locations":[{"start":{"line":48,"column":41},"end":{"line":48,"column":61}},{"start":{"line":48,"column":65},"end":{"line":48,"column":87}}],"line":48},"2":{"loc":{"start":{"line":48,"column":65},"end":{"line":48,"column":87}},"type":"binary-expr","locations":[{"start":{"line":48,"column":65},"end":{"line":48,"column":81}},{"start":{"line":48,"column":85},"end":{"line":48,"column":87}}],"line":48},"3":{"loc":{"start":{"line":50,"column":18},"end":{"line":50,"column":67}},"type":"binary-expr","locations":[{"start":{"line":50,"column":18},"end":{"line":50,"column":39}},{"start":{"line":50,"column":43},"end":{"line":50,"column":67}}],"line":50},"4":{"loc":{"start":{"line":54,"column":24},"end":{"line":58,"column":5}},"type":"cond-expr","locations":[{"start":{"line":54,"column":48},"end":{"line":54,"column":53}},{"start":{"line":55,"column":6},"end":{"line":57,"column":46}}],"line":54},"5":{"loc":{"start":{"line":55,"column":6},"end":{"line":57,"column":46}},"type":"binary-expr","locations":[{"start":{"line":55,"column":6},"end":{"line":55,"column":27}},{"start":{"line":56,"column":6},"end":{"line":56,"column":13}},{"start":{"line":57,"column":6},"end":{"line":57,"column":46}}],"line":55},"6":{"loc":{"start":{"line":62,"column":4},"end":{"line":73,"column":5}},"type":"if","locations":[{"start":{"line":62,"column":4},"end":{"line":73,"column":5}},{"start":{"line":67,"column":11},"end":{"line":73,"column":5}}],"line":62}},"s":{"0":1,"1":1,"2":1,"3":1,"4":1,"5":1,"6":5,"7":5,"8":5,"9":5,"10":5,"11":5,"12":5,"13":5,"14":3,"15":3,"16":2,"17":2,"18":5,"19":1},"f":{"0":5},"b":{"0":[3],"1":[5,0],"2":[0,0],"3":[5,0],"4":[0,5],"5":[5,4,3],"6":[3,2]},"inputSourceMap":null,"_coverageSchema":"1a1c01bbd47fc00a2c39e90264f33305004495a9","hash":"86f3ee59e7865cc1700107f316f126545cff2a15"}
,"/home/sanketdhokte/projects/genbi-data-engine/src/services/anthropic/promptBuilder.js": {"path":"/home/sanketdhokte/projects/genbi-data-engine/src/services/anthropic/promptBuilder.js","statementMap":{"0":{"start":{"line":1,"column":15},"end":{"line":1,"column":44}},"1":{"start":{"line":15,"column":4},"end":{"line":15,"column":61}},"2":{"start":{"line":16,"column":4},"end":{"line":16,"column":73}},"3":{"start":{"line":17,"column":4},"end":{"line":20,"column":7}},"4":{"start":{"line":31,"column":4},"end":{"line":31,"column":63}},"5":{"start":{"line":34,"column":25},"end":{"line":34,"column":56}},"6":{"start":{"line":37,"column":35},"end":{"line":37,"column":79}},"7":{"start":{"line":40,"column":17},"end":{"line":40,"column":83}},"8":{"start":{"line":43,"column":4},"end":{"line":45,"column":5}},"9":{"start":{"line":44,"column":6},"end":{"line":44,"column":41}},"10":{"start":{"line":48,"column":4},"end":{"line":50,"column":5}},"11":{"start":{"line":49,"column":6},"end":{"line":49,"column":53}},"12":{"start":{"line":52,"column":4},"end":{"line":52,"column":18}},"13":{"start":{"line":63,"column":4},"end":{"line":82,"column":73}},"14":{"start":{"line":91,"column":4},"end":{"line":106,"column":5}},"15":{"start":{"line":92,"column":6},"end":{"line":95,"column":60}},"16":{"start":{"line":96,"column":11},"end":{"line":106,"column":5}},"17":{"start":{"line":97,"column":6},"end":{"line":100,"column":44}},"18":{"start":{"line":102,"column":6},"end":{"line":105,"column":45}},"19":{"start":{"line":116,"column":19},"end":{"line":131,"column":1}},"20":{"start":{"line":134,"column":4},"end":{"line":164,"column":5}},"21":{"start":{"line":135,"column":6},"end":{"line":143,"column":2}},"22":{"start":{"line":144,"column":11},"end":{"line":164,"column":5}},"23":{"start":{"line":145,"column":6},"end":{"line":153,"column":2}},"24":{"start":{"line":155,"column":6},"end":{"line":163,"column":2}},"25":{"start":{"line":166,"column":4},"end":{"line":166,"column":20}},"26":{"start":{"line":174,"column":4},"end":{"line":186,"column":104}},"27":{"start":{"line":190,"column":0},"end":{"line":190,"column":31}}},"fnMap":{"0":{"name":"(anonymous_0)","decl":{"start":{"line":14,"column":2},"end":{"line":14,"column":3}},"loc":{"start":{"line":14,"column":28},"end":{"line":21,"column":3}},"line":14},"1":{"name":"(anonymous_1)","decl":{"start":{"line":30,"column":2},"end":{"line":30,"column":3}},"loc":{"start":{"line":30,"column":47},"end":{"line":53,"column":3}},"line":30},"2":{"name":"(anonymous_2)","decl":{"start":{"line":62,"column":2},"end":{"line":62,"column":3}},"loc":{"start":{"line":62,"column":64},"end":{"line":83,"column":3}},"line":62},"3":{"name":"(anonymous_3)","decl":{"start":{"line":90,"column":2},"end":{"line":90,"column":3}},"loc":{"start":{"line":90,"column":42},"end":{"line":107,"column":3}},"line":90},"4":{"name":"(anonymous_4)","decl":{"start":{"line":114,"column":2},"end":{"line":114,"column":3}},"loc":{"start":{"line":114,"column":22},"end":{"line":167,"column":3}},"line":114},"5":{"name":"(anonymous_5)","decl":{"start":{"line":173,"column":2},"end":{"line":173,"column":3}},"loc":{"start":{"line":173,"column":34},"end":{"line":187,"column":3}},"line":173}},"branchMap":{"0":{"loc":{"start":{"line":14,"column":14},"end":{"line":14,"column":26}},"type":"default-arg","locations":[{"start":{"line":14,"column":24},"end":{"line":14,"column":26}}],"line":14},"1":{"loc":{"start":{"line":43,"column":4},"end":{"line":45,"column":5}},"type":"if","locations":[{"start":{"line":43,"column":4},"end":{"line":45,"column":5}},{"start":{},"end":{}}],"line":43},"2":{"loc":{"start":{"line":48,"column":4},"end":{"line":50,"column":5}},"type":"if","locations":[{"start":{"line":48,"column":4},"end":{"line":50,"column":5}},{"start":{},"end":{}}],"line":48},"3":{"loc":{"start":{"line":91,"column":4},"end":{"line":106,"column":5}},"type":"if","locations":[{"start":{"line":91,"column":4},"end":{"line":106,"column":5}},{"start":{"line":96,"column":11},"end":{"line":106,"column":5}}],"line":91},"4":{"loc":{"start":{"line":96,"column":11},"end":{"line":106,"column":5}},"type":"if","locations":[{"start":{"line":96,"column":11},"end":{"line":106,"column":5}},{"start":{"line":101,"column":11},"end":{"line":106,"column":5}}],"line":96},"5":{"loc":{"start":{"line":134,"column":4},"end":{"line":164,"column":5}},"type":"if","locations":[{"start":{"line":134,"column":4},"end":{"line":164,"column":5}},{"start":{"line":144,"column":11},"end":{"line":164,"column":5}}],"line":134},"6":{"loc":{"start":{"line":144,"column":11},"end":{"line":164,"column":5}},"type":"if","locations":[{"start":{"line":144,"column":11},"end":{"line":164,"column":5}},{"start":{"line":154,"column":11},"end":{"line":164,"column":5}}],"line":144}},"s":{"0":2,"1":13,"2":13,"3":13,"4":4,"5":4,"6":4,"7":4,"8":4,"9":4,"10":4,"11":4,"12":4,"13":4,"14":4,"15":0,"16":4,"17":0,"18":4,"19":4,"20":4,"21":0,"22":4,"23":0,"24":4,"25":4,"26":4,"27":2},"f":{"0":13,"1":4,"2":4,"3":4,"4":4,"5":4},"b":{"0":[8],"1":[4,0],"2":[4,0],"3":[0,4],"4":[0,4],"5":[0,4],"6":[0,4]},"inputSourceMap":null,"_coverageSchema":"1a1c01bbd47fc00a2c39e90264f33305004495a9","hash":"f136fc8500f88d04a0b0df885fce3b23d1c019db"}
,"/home/sanketdhokte/projects/genbi-data-engine/src/services/anthropic/responseParser.js": {"path":"/home/sanketdhokte/projects/genbi-data-engine/src/services/anthropic/responseParser.js","statementMap":{"0":{"start":{"line":1,"column":15},"end":{"line":1,"column":44}},"1":{"start":{"line":2,"column":21},"end":{"line":2,"column":56}},"2":{"start":{"line":15,"column":4},"end":{"line":15,"column":53}},"3":{"start":{"line":16,"column":4},"end":{"line":16,"column":82}},"4":{"start":{"line":26,"column":4},"end":{"line":64,"column":5}},"5":{"start":{"line":27,"column":6},"end":{"line":27,"column":53}},"6":{"start":{"line":30,"column":6},"end":{"line":32,"column":7}},"7":{"start":{"line":31,"column":8},"end":{"line":31,"column":88}},"8":{"start":{"line":35,"column":19},"end":{"line":35,"column":43}},"9":{"start":{"line":37,"column":6},"end":{"line":39,"column":7}},"10":{"start":{"line":38,"column":8},"end":{"line":38,"column":86}},"11":{"start":{"line":42,"column":23},"end":{"line":42,"column":49}},"12":{"start":{"line":45,"column":6},"end":{"line":47,"column":7}},"13":{"start":{"line":46,"column":8},"end":{"line":46,"column":40}},"14":{"start":{"line":49,"column":6},"end":{"line":49,"column":66}},"15":{"start":{"line":50,"column":6},"end":{"line":50,"column":22}},"16":{"start":{"line":52,"column":6},"end":{"line":52,"column":67}},"17":{"start":{"line":54,"column":6},"end":{"line":56,"column":7}},"18":{"start":{"line":55,"column":8},"end":{"line":55,"column":20}},"19":{"start":{"line":58,"column":6},"end":{"line":63,"column":8}},"20":{"start":{"line":74,"column":24},"end":{"line":74,"column":35}},"21":{"start":{"line":77,"column":27},"end":{"line":77,"column":78}},"22":{"start":{"line":78,"column":27},"end":{"line":78,"column":60}},"23":{"start":{"line":80,"column":4},"end":{"line":83,"column":5}},"24":{"start":{"line":82,"column":6},"end":{"line":82,"column":61}},"25":{"start":{"line":86,"column":4},"end":{"line":86,"column":23}},"26":{"start":{"line":96,"column":4},"end":{"line":98,"column":5}},"27":{"start":{"line":97,"column":6},"end":{"line":97,"column":64}},"28":{"start":{"line":101,"column":4},"end":{"line":103,"column":5}},"29":{"start":{"line":102,"column":6},"end":{"line":102,"column":100}},"30":{"start":{"line":106,"column":31},"end":{"line":110,"column":5}},"31":{"start":{"line":112,"column":35},"end":{"line":114,"column":5}},"32":{"start":{"line":113,"column":6},"end":{"line":113,"column":55}},"33":{"start":{"line":116,"column":4},"end":{"line":121,"column":5}},"34":{"start":{"line":117,"column":6},"end":{"line":120,"column":8}},"35":{"start":{"line":127,"column":0},"end":{"line":127,"column":32}}},"fnMap":{"0":{"name":"(anonymous_0)","decl":{"start":{"line":14,"column":2},"end":{"line":14,"column":3}},"loc":{"start":{"line":14,"column":28},"end":{"line":17,"column":3}},"line":14},"1":{"name":"(anonymous_1)","decl":{"start":{"line":25,"column":2},"end":{"line":25,"column":3}},"loc":{"start":{"line":25,"column":26},"end":{"line":65,"column":3}},"line":25},"2":{"name":"(anonymous_2)","decl":{"start":{"line":72,"column":2},"end":{"line":72,"column":3}},"loc":{"start":{"line":72,"column":24},"end":{"line":87,"column":3}},"line":72},"3":{"name":"(anonymous_3)","decl":{"start":{"line":94,"column":2},"end":{"line":94,"column":3}},"loc":{"start":{"line":94,"column":29},"end":{"line":124,"column":3}},"line":94},"4":{"name":"(anonymous_4)","decl":{"start":{"line":112,"column":59},"end":{"line":112,"column":60}},"loc":{"start":{"line":113,"column":6},"end":{"line":113,"column":55}},"line":113}},"branchMap":{"0":{"loc":{"start":{"line":14,"column":14},"end":{"line":14,"column":26}},"type":"default-arg","locations":[{"start":{"line":14,"column":24},"end":{"line":14,"column":26}}],"line":14},"1":{"loc":{"start":{"line":30,"column":6},"end":{"line":32,"column":7}},"type":"if","locations":[{"start":{"line":30,"column":6},"end":{"line":32,"column":7}},{"start":{},"end":{}}],"line":30},"2":{"loc":{"start":{"line":30,"column":10},"end":{"line":30,"column":109}},"type":"binary-expr","locations":[{"start":{"line":30,"column":10},"end":{"line":30,"column":19}},{"start":{"line":30,"column":23},"end":{"line":30,"column":40}},{"start":{"line":30,"column":44},"end":{"line":30,"column":76}},{"start":{"line":30,"column":80},"end":{"line":30,"column":109}}],"line":30},"3":{"loc":{"start":{"line":37,"column":6},"end":{"line":39,"column":7}},"type":"if","locations":[{"start":{"line":37,"column":6},"end":{"line":39,"column":7}},{"start":{},"end":{}}],"line":37},"4":{"loc":{"start":{"line":45,"column":6},"end":{"line":47,"column":7}},"type":"if","locations":[{"start":{"line":45,"column":6},"end":{"line":47,"column":7}},{"start":{},"end":{}}],"line":45},"5":{"loc":{"start":{"line":54,"column":6},"end":{"line":56,"column":7}},"type":"if","locations":[{"start":{"line":54,"column":6},"end":{"line":56,"column":7}},{"start":{},"end":{}}],"line":54},"6":{"loc":{"start":{"line":80,"column":4},"end":{"line":83,"column":5}},"type":"if","locations":[{"start":{"line":80,"column":4},"end":{"line":83,"column":5}},{"start":{},"end":{}}],"line":80},"7":{"loc":{"start":{"line":82,"column":14},"end":{"line":82,"column":52}},"type":"binary-expr","locations":[{"start":{"line":82,"column":14},"end":{"line":82,"column":31}},{"start":{"line":82,"column":35},"end":{"line":82,"column":52}}],"line":82},"8":{"loc":{"start":{"line":96,"column":4},"end":{"line":98,"column":5}},"type":"if","locations":[{"start":{"line":96,"column":4},"end":{"line":98,"column":5}},{"start":{},"end":{}}],"line":96},"9":{"loc":{"start":{"line":96,"column":8},"end":{"line":96,"column":43}},"type":"binary-expr","locations":[{"start":{"line":96,"column":8},"end":{"line":96,"column":17}},{"start":{"line":96,"column":21},"end":{"line":96,"column":43}}],"line":96},"10":{"loc":{"start":{"line":101,"column":4},"end":{"line":103,"column":5}},"type":"if","locations":[{"start":{"line":101,"column":4},"end":{"line":103,"column":5}},{"start":{},"end":{}}],"line":101},"11":{"loc":{"start":{"line":116,"column":4},"end":{"line":121,"column":5}},"type":"if","locations":[{"start":{"line":116,"column":4},"end":{"line":121,"column":5}},{"start":{},"end":{}}],"line":116}},"s":{"0":2,"1":2,"2":13,"3":13,"4":4,"5":4,"6":4,"7":0,"8":4,"9":4,"10":0,"11":4,"12":4,"13":4,"14":4,"15":4,"16":0,"17":0,"18":0,"19":0,"20":4,"21":4,"22":4,"23":4,"24":0,"25":4,"26":4,"27":0,"28":4,"29":0,"30":4,"31":4,"32":4,"33":4,"34":0,"35":2},"f":{"0":13,"1":4,"2":4,"3":4,"4":4},"b":{"0":[8],"1":[0,4],"2":[4,4,4,4],"3":[0,4],"4":[4,0],"5":[0,0],"6":[0,4],"7":[0,0],"8":[0,4],"9":[4,4],"10":[0,4],"11":[0,4]},"inputSourceMap":null,"_coverageSchema":"1a1c01bbd47fc00a2c39e90264f33305004495a9","hash":"5d5cfc7338712c383047992d5ec9561886093de5"}
,"/home/sanketdhokte/projects/genbi-data-engine/src/services/anthropic/clients/iAnthropicClient.js": {"path":"/home/sanketdhokte/projects/genbi-data-engine/src/services/anthropic/clients/iAnthropicClient.js","statementMap":{"0":{"start":{"line":16,"column":4},"end":{"line":16,"column":46}},"1":{"start":{"line":24,"column":4},"end":{"line":24,"column":46}},"2":{"start":{"line":32,"column":4},"end":{"line":32,"column":46}},"3":{"start":{"line":36,"column":0},"end":{"line":36,"column":34}}},"fnMap":{"0":{"name":"(anonymous_0)","decl":{"start":{"line":15,"column":2},"end":{"line":15,"column":3}},"loc":{"start":{"line":15,"column":34},"end":{"line":17,"column":3}},"line":15},"1":{"name":"(anonymous_1)","decl":{"start":{"line":23,"column":2},"end":{"line":23,"column":3}},"loc":{"start":{"line":23,"column":15},"end":{"line":25,"column":3}},"line":23},"2":{"name":"(anonymous_2)","decl":{"start":{"line":31,"column":2},"end":{"line":31,"column":3}},"loc":{"start":{"line":31,"column":13},"end":{"line":33,"column":3}},"line":31}},"branchMap":{},"s":{"0":0,"1":0,"2":0,"3":2},"f":{"0":0,"1":0,"2":0},"b":{},"inputSourceMap":null,"_coverageSchema":"1a1c01bbd47fc00a2c39e90264f33305004495a9","hash":"75a63fcca63ab5cc71b7b67813ebd3e0bfd4ba64"}
,"/home/sanketdhokte/projects/genbi-data-engine/src/services/anthropic/clients/mockAnthropicClient.js": {"path":"/home/sanketdhokte/projects/genbi-data-engine/src/services/anthropic/clients/mockAnthropicClient.js","statementMap":{"0":{"start":{"line":1,"column":25},"end":{"line":1,"column":54}},"1":{"start":{"line":2,"column":15},"end":{"line":2,"column":47}},"2":{"start":{"line":15,"column":4},"end":{"line":15,"column":12}},"3":{"start":{"line":16,"column":4},"end":{"line":16,"column":58}},"4":{"start":{"line":17,"column":4},"end":{"line":17,"column":77}},"5":{"start":{"line":28,"column":4},"end":{"line":28,"column":44}},"6":{"start":{"line":29,"column":4},"end":{"line":33,"column":7}},"7":{"start":{"line":32,"column":35},"end":{"line":32,"column":96}},"8":{"start":{"line":36,"column":22},"end":{"line":36,"column":74}},"9":{"start":{"line":36,"column":41},"end":{"line":36,"column":58}},"10":{"start":{"line":39,"column":25},"end":{"line":39,"column":61}},"11":{"start":{"line":42,"column":4},"end":{"line":42,"column":59}},"12":{"start":{"line":42,"column":33},"end":{"line":42,"column":57}},"13":{"start":{"line":45,"column":4},"end":{"line":60,"column":6}},"14":{"start":{"line":69,"column":27},"end":{"line":69,"column":50}},"15":{"start":{"line":72,"column":4},"end":{"line":90,"column":5}},"16":{"start":{"line":73,"column":6},"end":{"line":73,"column":48}},"17":{"start":{"line":74,"column":11},"end":{"line":90,"column":5}},"18":{"start":{"line":75,"column":6},"end":{"line":75,"column":127}},"19":{"start":{"line":76,"column":11},"end":{"line":90,"column":5}},"20":{"start":{"line":77,"column":6},"end":{"line":77,"column":51}},"21":{"start":{"line":78,"column":11},"end":{"line":90,"column":5}},"22":{"start":{"line":79,"column":6},"end":{"line":79,"column":70}},"23":{"start":{"line":80,"column":11},"end":{"line":90,"column":5}},"24":{"start":{"line":81,"column":6},"end":{"line":81,"column":145}},"25":{"start":{"line":82,"column":11},"end":{"line":90,"column":5}},"26":{"start":{"line":83,"column":6},"end":{"line":83,"column":63}},"27":{"start":{"line":84,"column":11},"end":{"line":90,"column":5}},"28":{"start":{"line":85,"column":6},"end":{"line":85,"column":139}},"29":{"start":{"line":86,"column":11},"end":{"line":90,"column":5}},"30":{"start":{"line":87,"column":6},"end":{"line":87,"column":44}},"31":{"start":{"line":89,"column":6},"end":{"line":89,"column":45}},"32":{"start":{"line":98,"column":4},"end":{"line":98,"column":16}},"33":{"start":{"line":106,"column":4},"end":{"line":106,"column":22}},"34":{"start":{"line":110,"column":0},"end":{"line":110,"column":37}}},"fnMap":{"0":{"name":"(anonymous_0)","decl":{"start":{"line":14,"column":2},"end":{"line":14,"column":3}},"loc":{"start":{"line":14,"column":27},"end":{"line":18,"column":3}},"line":14},"1":{"name":"(anonymous_1)","decl":{"start":{"line":27,"column":2},"end":{"line":27,"column":3}},"loc":{"start":{"line":27,"column":53},"end":{"line":61,"column":3}},"line":27},"2":{"name":"(anonymous_2)","decl":{"start":{"line":32,"column":29},"end":{"line":32,"column":30}},"loc":{"start":{"line":32,"column":35},"end":{"line":32,"column":96}},"line":32},"3":{"name":"(anonymous_3)","decl":{"start":{"line":36,"column":36},"end":{"line":36,"column":37}},"loc":{"start":{"line":36,"column":41},"end":{"line":36,"column":58}},"line":36},"4":{"name":"(anonymous_4)","decl":{"start":{"line":42,"column":22},"end":{"line":42,"column":23}},"loc":{"start":{"line":42,"column":33},"end":{"line":42,"column":57}},"line":42},"5":{"name":"(anonymous_5)","decl":{"start":{"line":68,"column":2},"end":{"line":68,"column":3}},"loc":{"start":{"line":68,"column":34},"end":{"line":91,"column":3}},"line":68},"6":{"name":"(anonymous_6)","decl":{"start":{"line":97,"column":2},"end":{"line":97,"column":3}},"loc":{"start":{"line":97,"column":15},"end":{"line":99,"column":3}},"line":97},"7":{"name":"(anonymous_7)","decl":{"start":{"line":105,"column":2},"end":{"line":105,"column":3}},"loc":{"start":{"line":105,"column":13},"end":{"line":107,"column":3}},"line":105}},"branchMap":{"0":{"loc":{"start":{"line":14,"column":14},"end":{"line":14,"column":25}},"type":"default-arg","locations":[{"start":{"line":14,"column":23},"end":{"line":14,"column":25}}],"line":14},"1":{"loc":{"start":{"line":16,"column":17},"end":{"line":16,"column":57}},"type":"binary-expr","locations":[{"start":{"line":16,"column":17},"end":{"line":16,"column":29}},{"start":{"line":16,"column":33},"end":{"line":16,"column":57}}],"line":16},"2":{"loc":{"start":{"line":36,"column":22},"end":{"line":36,"column":74}},"type":"binary-expr","locations":[{"start":{"line":36,"column":22},"end":{"line":36,"column":68}},{"start":{"line":36,"column":72},"end":{"line":36,"column":74}}],"line":36},"3":{"loc":{"start":{"line":72,"column":4},"end":{"line":90,"column":5}},"type":"if","locations":[{"start":{"line":72,"column":4},"end":{"line":90,"column":5}},{"start":{"line":74,"column":11},"end":{"line":90,"column":5}}],"line":72},"4":{"loc":{"start":{"line":72,"column":8},"end":{"line":72,"column":73}},"type":"binary-expr","locations":[{"start":{"line":72,"column":8},"end":{"line":72,"column":40}},{"start":{"line":72,"column":44},"end":{"line":72,"column":73}}],"line":72},"5":{"loc":{"start":{"line":74,"column":11},"end":{"line":90,"column":5}},"type":"if","locations":[{"start":{"line":74,"column":11},"end":{"line":90,"column":5}},{"start":{"line":76,"column":11},"end":{"line":90,"column":5}}],"line":74},"6":{"loc":{"start":{"line":76,"column":11},"end":{"line":90,"column":5}},"type":"if","locations":[{"start":{"line":76,"column":11},"end":{"line":90,"column":5}},{"start":{"line":78,"column":11},"end":{"line":90,"column":5}}],"line":76},"7":{"loc":{"start":{"line":76,"column":15},"end":{"line":76,"column":88}},"type":"binary-expr","locations":[{"start":{"line":76,"column":15},"end":{"line":76,"column":47}},{"start":{"line":76,"column":51},"end":{"line":76,"column":88}}],"line":76},"8":{"loc":{"start":{"line":78,"column":11},"end":{"line":90,"column":5}},"type":"if","locations":[{"start":{"line":78,"column":11},"end":{"line":90,"column":5}},{"start":{"line":80,"column":11},"end":{"line":90,"column":5}}],"line":78},"9":{"loc":{"start":{"line":78,"column":15},"end":{"line":78,"column":92}},"type":"binary-expr","locations":[{"start":{"line":78,"column":15},"end":{"line":78,"column":50}},{"start":{"line":78,"column":54},"end":{"line":78,"column":92}}],"line":78},"10":{"loc":{"start":{"line":80,"column":11},"end":{"line":90,"column":5}},"type":"if","locations":[{"start":{"line":80,"column":11},"end":{"line":90,"column":5}},{"start":{"line":82,"column":11},"end":{"line":90,"column":5}}],"line":80},"11":{"loc":{"start":{"line":80,"column":15},"end":{"line":80,"column":88}},"type":"binary-expr","locations":[{"start":{"line":80,"column":15},"end":{"line":80,"column":53}},{"start":{"line":80,"column":57},"end":{"line":80,"column":88}}],"line":80},"12":{"loc":{"start":{"line":82,"column":11},"end":{"line":90,"column":5}},"type":"if","locations":[{"start":{"line":82,"column":11},"end":{"line":90,"column":5}},{"start":{"line":84,"column":11},"end":{"line":90,"column":5}}],"line":82},"13":{"loc":{"start":{"line":82,"column":15},"end":{"line":82,"column":91}},"type":"binary-expr","locations":[{"start":{"line":82,"column":15},"end":{"line":82,"column":48}},{"start":{"line":82,"column":52},"end":{"line":82,"column":91}}],"line":82},"14":{"loc":{"start":{"line":84,"column":11},"end":{"line":90,"column":5}},"type":"if","locations":[{"start":{"line":84,"column":11},"end":{"line":90,"column":5}},{"start":{"line":86,"column":11},"end":{"line":90,"column":5}}],"line":84},"15":{"loc":{"start":{"line":84,"column":15},"end":{"line":84,"column":99}},"type":"binary-expr","locations":[{"start":{"line":84,"column":15},"end":{"line":84,"column":50}},{"start":{"line":84,"column":54},"end":{"line":84,"column":99}}],"line":84},"16":{"loc":{"start":{"line":86,"column":11},"end":{"line":90,"column":5}},"type":"if","locations":[{"start":{"line":86,"column":11},"end":{"line":90,"column":5}},{"start":{"line":88,"column":11},"end":{"line":90,"column":5}}],"line":86},"17":{"loc":{"start":{"line":86,"column":15},"end":{"line":86,"column":91}},"type":"binary-expr","locations":[{"start":{"line":86,"column":15},"end":{"line":86,"column":51}},{"start":{"line":86,"column":55},"end":{"line":86,"column":91}}],"line":86}},"s":{"0":2,"1":2,"2":11,"3":11,"4":11,"5":3,"6":3,"7":3,"8":3,"9":3,"10":3,"11":3,"12":3,"13":3,"14":3,"15":3,"16":0,"17":3,"18":0,"19":3,"20":0,"21":3,"22":0,"23":3,"24":0,"25":3,"26":0,"27":3,"28":0,"29":3,"30":0,"31":3,"32":14,"33":11,"34":2},"f":{"0":11,"1":3,"2":3,"3":3,"4":3,"5":3,"6":14,"7":11},"b":{"0":[0],"1":[11,0],"2":[3,0],"3":[0,3],"4":[3,3],"5":[0,3],"6":[0,3],"7":[3,3],"8":[0,3],"9":[3,0],"10":[0,3],"11":[3,0],"12":[0,3],"13":[3,0],"14":[0,3],"15":[3,0],"16":[0,3],"17":[3,0]},"inputSourceMap":null,"_coverageSchema":"1a1c01bbd47fc00a2c39e90264f33305004495a9","hash":"315f842f73ef25dc202618053425d514b5c913e1"}
,"/home/sanketdhokte/projects/genbi-data-engine/src/services/anthropic/clients/realAnthropicClient.js": {"path":"/home/sanketdhokte/projects/genbi-data-engine/src/services/anthropic/clients/realAnthropicClient.js","statementMap":{"0":{"start":{"line":1,"column":18},"end":{"line":1,"column":46}},"1":{"start":{"line":2,"column":25},"end":{"line":2,"column":54}},"2":{"start":{"line":3,"column":15},"end":{"line":3,"column":47}},"3":{"start":{"line":4,"column":21},"end":{"line":4,"column":59}},"4":{"start":{"line":18,"column":4},"end":{"line":18,"column":12}},"5":{"start":{"line":20,"column":4},"end":{"line":32,"column":5}},"6":{"start":{"line":22,"column":6},"end":{"line":22,"column":92}},"7":{"start":{"line":23,"column":6},"end":{"line":25,"column":9}},"8":{"start":{"line":26,"column":6},"end":{"line":26,"column":28}},"9":{"start":{"line":28,"column":6},"end":{"line":30,"column":9}},"10":{"start":{"line":31,"column":6},"end":{"line":31,"column":29}},"11":{"start":{"line":34,"column":4},"end":{"line":34,"column":58}},"12":{"start":{"line":35,"column":4},"end":{"line":35,"column":77}},"13":{"start":{"line":47,"column":4},"end":{"line":153,"column":5}},"14":{"start":{"line":48,"column":6},"end":{"line":53,"column":9}},"15":{"start":{"line":52,"column":37},"end":{"line":52,"column":98}},"16":{"start":{"line":56,"column":6},"end":{"line":82,"column":7}},"17":{"start":{"line":57,"column":8},"end":{"line":57,"column":62}},"18":{"start":{"line":60,"column":26},"end":{"line":60,"column":78}},"19":{"start":{"line":60,"column":45},"end":{"line":60,"column":62}},"20":{"start":{"line":63,"column":23},"end":{"line":63,"column":79}},"21":{"start":{"line":66,"column":8},"end":{"line":81,"column":10}},"22":{"start":{"line":85,"column":6},"end":{"line":125,"column":7}},"23":{"start":{"line":86,"column":8},"end":{"line":91,"column":11}},"24":{"start":{"line":94,"column":8},"end":{"line":124,"column":9}},"25":{"start":{"line":95,"column":10},"end":{"line":95,"column":91}},"26":{"start":{"line":96,"column":10},"end":{"line":96,"column":32}},"27":{"start":{"line":99,"column":28},"end":{"line":99,"column":80}},"28":{"start":{"line":99,"column":47},"end":{"line":99,"column":64}},"29":{"start":{"line":102,"column":25},"end":{"line":102,"column":81}},"30":{"start":{"line":105,"column":10},"end":{"line":120,"column":12}},"31":{"start":{"line":123,"column":10},"end":{"line":123,"column":25}},"32":{"start":{"line":127,"column":6},"end":{"line":127,"column":59}},"33":{"start":{"line":128,"column":6},"end":{"line":128,"column":22}},"34":{"start":{"line":130,"column":6},"end":{"line":130,"column":58}},"35":{"start":{"line":133,"column":6},"end":{"line":145,"column":7}},"36":{"start":{"line":134,"column":8},"end":{"line":144,"column":10}},"37":{"start":{"line":147,"column":6},"end":{"line":152,"column":8}},"38":{"start":{"line":164,"column":24},"end":{"line":164,"column":100}},"39":{"start":{"line":165,"column":25},"end":{"line":165,"column":67}},"40":{"start":{"line":167,"column":4},"end":{"line":204,"column":5}},"41":{"start":{"line":169,"column":21},"end":{"line":169,"column":45}},"42":{"start":{"line":172,"column":29},"end":{"line":172,"column":52}},"43":{"start":{"line":175,"column":6},"end":{"line":177,"column":7}},"44":{"start":{"line":176,"column":8},"end":{"line":176,"column":46}},"45":{"start":{"line":180,"column":21},"end":{"line":180,"column":40}},"46":{"start":{"line":182,"column":6},"end":{"line":184,"column":7}},"47":{"start":{"line":183,"column":8},"end":{"line":183,"column":50}},"48":{"start":{"line":187,"column":6},"end":{"line":200,"column":7}},"49":{"start":{"line":188,"column":8},"end":{"line":188,"column":53}},"50":{"start":{"line":189,"column":13},"end":{"line":200,"column":7}},"51":{"start":{"line":190,"column":8},"end":{"line":190,"column":72}},"52":{"start":{"line":191,"column":13},"end":{"line":200,"column":7}},"53":{"start":{"line":192,"column":8},"end":{"line":192,"column":147}},"54":{"start":{"line":193,"column":13},"end":{"line":200,"column":7}},"55":{"start":{"line":194,"column":8},"end":{"line":194,"column":65}},"56":{"start":{"line":195,"column":13},"end":{"line":200,"column":7}},"57":{"start":{"line":196,"column":8},"end":{"line":196,"column":141}},"58":{"start":{"line":199,"column":8},"end":{"line":199,"column":54}},"59":{"start":{"line":202,"column":6},"end":{"line":202,"column":75}},"60":{"start":{"line":203,"column":6},"end":{"line":203,"column":51}},"61":{"start":{"line":212,"column":4},"end":{"line":212,"column":35}},"62":{"start":{"line":220,"column":4},"end":{"line":220,"column":22}},"63":{"start":{"line":224,"column":0},"end":{"line":224,"column":37}}},"fnMap":{"0":{"name":"(anonymous_0)","decl":{"start":{"line":17,"column":2},"end":{"line":17,"column":3}},"loc":{"start":{"line":17,"column":22},"end":{"line":36,"column":3}},"line":17},"1":{"name":"(anonymous_1)","decl":{"start":{"line":46,"column":2},"end":{"line":46,"column":3}},"loc":{"start":{"line":46,"column":71},"end":{"line":154,"column":3}},"line":46},"2":{"name":"(anonymous_2)","decl":{"start":{"line":52,"column":31},"end":{"line":52,"column":32}},"loc":{"start":{"line":52,"column":37},"end":{"line":52,"column":98}},"line":52},"3":{"name":"(anonymous_3)","decl":{"start":{"line":60,"column":40},"end":{"line":60,"column":41}},"loc":{"start":{"line":60,"column":45},"end":{"line":60,"column":62}},"line":60},"4":{"name":"(anonymous_4)","decl":{"start":{"line":99,"column":42},"end":{"line":99,"column":43}},"loc":{"start":{"line":99,"column":47},"end":{"line":99,"column":64}},"line":99},"5":{"name":"(anonymous_5)","decl":{"start":{"line":162,"column":2},"end":{"line":162,"column":3}},"loc":{"start":{"line":162,"column":54},"end":{"line":205,"column":3}},"line":162},"6":{"name":"(anonymous_6)","decl":{"start":{"line":211,"column":2},"end":{"line":211,"column":3}},"loc":{"start":{"line":211,"column":15},"end":{"line":213,"column":3}},"line":211},"7":{"name":"(anonymous_7)","decl":{"start":{"line":219,"column":2},"end":{"line":219,"column":3}},"loc":{"start":{"line":219,"column":13},"end":{"line":221,"column":3}},"line":219}},"branchMap":{"0":{"loc":{"start":{"line":20,"column":4},"end":{"line":32,"column":5}},"type":"if","locations":[{"start":{"line":20,"column":4},"end":{"line":32,"column":5}},{"start":{"line":27,"column":11},"end":{"line":32,"column":5}}],"line":20},"1":{"loc":{"start":{"line":34,"column":17},"end":{"line":34,"column":57}},"type":"binary-expr","locations":[{"start":{"line":34,"column":17},"end":{"line":34,"column":29}},{"start":{"line":34,"column":33},"end":{"line":34,"column":57}}],"line":34},"2":{"loc":{"start":{"line":46,"column":51},"end":{"line":46,"column":67}},"type":"default-arg","locations":[{"start":{"line":46,"column":63},"end":{"line":46,"column":67}}],"line":46},"3":{"loc":{"start":{"line":56,"column":6},"end":{"line":82,"column":7}},"type":"if","locations":[{"start":{"line":56,"column":6},"end":{"line":82,"column":7}},{"start":{},"end":{}}],"line":56},"4":{"loc":{"start":{"line":60,"column":26},"end":{"line":60,"column":78}},"type":"binary-expr","locations":[{"start":{"line":60,"column":26},"end":{"line":60,"column":72}},{"start":{"line":60,"column":76},"end":{"line":60,"column":78}}],"line":60},"5":{"loc":{"start":{"line":94,"column":8},"end":{"line":124,"column":9}},"type":"if","locations":[{"start":{"line":94,"column":8},"end":{"line":124,"column":9}},{"start":{"line":121,"column":15},"end":{"line":124,"column":9}}],"line":94},"6":{"loc":{"start":{"line":99,"column":28},"end":{"line":99,"column":80}},"type":"binary-expr","locations":[{"start":{"line":99,"column":28},"end":{"line":99,"column":74}},{"start":{"line":99,"column":78},"end":{"line":99,"column":80}}],"line":99},"7":{"loc":{"start":{"line":133,"column":6},"end":{"line":145,"column":7}},"type":"if","locations":[{"start":{"line":133,"column":6},"end":{"line":145,"column":7}},{"start":{},"end":{}}],"line":133},"8":{"loc":{"start":{"line":133,"column":10},"end":{"line":133,"column":45}},"type":"binary-expr","locations":[{"start":{"line":133,"column":10},"end":{"line":133,"column":22}},{"start":{"line":133,"column":26},"end":{"line":133,"column":45}}],"line":133},"9":{"loc":{"start":{"line":165,"column":25},"end":{"line":165,"column":67}},"type":"cond-expr","locations":[{"start":{"line":165,"column":39},"end":{"line":165,"column":60}},{"start":{"line":165,"column":63},"end":{"line":165,"column":67}}],"line":165},"10":{"loc":{"start":{"line":175,"column":6},"end":{"line":177,"column":7}},"type":"if","locations":[{"start":{"line":175,"column":6},"end":{"line":177,"column":7}},{"start":{},"end":{}}],"line":175},"11":{"loc":{"start":{"line":175,"column":10},"end":{"line":175,"column":86}},"type":"binary-expr","locations":[{"start":{"line":175,"column":10},"end":{"line":175,"column":46}},{"start":{"line":175,"column":50},"end":{"line":175,"column":86}}],"line":175},"12":{"loc":{"start":{"line":182,"column":6},"end":{"line":184,"column":7}},"type":"if","locations":[{"start":{"line":182,"column":6},"end":{"line":184,"column":7}},{"start":{},"end":{}}],"line":182},"13":{"loc":{"start":{"line":187,"column":6},"end":{"line":200,"column":7}},"type":"if","locations":[{"start":{"line":187,"column":6},"end":{"line":200,"column":7}},{"start":{"line":189,"column":13},"end":{"line":200,"column":7}}],"line":187},"14":{"loc":{"start":{"line":187,"column":10},"end":{"line":187,"column":83}},"type":"binary-expr","locations":[{"start":{"line":187,"column":10},"end":{"line":187,"column":42}},{"start":{"line":187,"column":46},"end":{"line":187,"column":83}}],"line":187},"15":{"loc":{"start":{"line":189,"column":13},"end":{"line":200,"column":7}},"type":"if","locations":[{"start":{"line":189,"column":13},"end":{"line":200,"column":7}},{"start":{"line":191,"column":13},"end":{"line":200,"column":7}}],"line":189},"16":{"loc":{"start":{"line":189,"column":17},"end":{"line":189,"column":94}},"type":"binary-expr","locations":[{"start":{"line":189,"column":17},"end":{"line":189,"column":52}},{"start":{"line":189,"column":56},"end":{"line":189,"column":94}}],"line":189},"17":{"loc":{"start":{"line":191,"column":13},"end":{"line":200,"column":7}},"type":"if","locations":[{"start":{"line":191,"column":13},"end":{"line":200,"column":7}},{"start":{"line":193,"column":13},"end":{"line":200,"column":7}}],"line":191},"18":{"loc":{"start":{"line":191,"column":17},"end":{"line":191,"column":90}},"type":"binary-expr","locations":[{"start":{"line":191,"column":17},"end":{"line":191,"column":55}},{"start":{"line":191,"column":59},"end":{"line":191,"column":90}}],"line":191},"19":{"loc":{"start":{"line":193,"column":13},"end":{"line":200,"column":7}},"type":"if","locations":[{"start":{"line":193,"column":13},"end":{"line":200,"column":7}},{"start":{"line":195,"column":13},"end":{"line":200,"column":7}}],"line":193},"20":{"loc":{"start":{"line":193,"column":17},"end":{"line":193,"column":93}},"type":"binary-expr","locations":[{"start":{"line":193,"column":17},"end":{"line":193,"column":50}},{"start":{"line":193,"column":54},"end":{"line":193,"column":93}}],"line":193},"21":{"loc":{"start":{"line":195,"column":13},"end":{"line":200,"column":7}},"type":"if","locations":[{"start":{"line":195,"column":13},"end":{"line":200,"column":7}},{"start":{"line":197,"column":13},"end":{"line":200,"column":7}}],"line":195},"22":{"loc":{"start":{"line":195,"column":17},"end":{"line":195,"column":101}},"type":"binary-expr","locations":[{"start":{"line":195,"column":17},"end":{"line":195,"column":52}},{"start":{"line":195,"column":56},"end":{"line":195,"column":101}}],"line":195}},"s":{"0":1,"1":1,"2":1,"3":1,"4":2,"5":2,"6":0,"7":0,"8":0,"9":2,"10":2,"11":2,"12":2,"13":0,"14":0,"15":0,"16":0,"17":0,"18":0,"19":0,"20":0,"21":0,"22":0,"23":0,"24":0,"25":0,"26":0,"27":0,"28":0,"29":0,"30":0,"31":0,"32":0,"33":0,"34":0,"35":0,"36":0,"37":0,"38":0,"39":0,"40":0,"41":0,"42":0,"43":0,"44":0,"45":0,"46":0,"47":0,"48":0,"49":0,"50":0,"51":0,"52":0,"53":0,"54":0,"55":0,"56":0,"57":0,"58":0,"59":0,"60":0,"61":3,"62":2,"63":1},"f":{"0":2,"1":0,"2":0,"3":0,"4":0,"5":0,"6":3,"7":2},"b":{"0":[0,2],"1":[2,0],"2":[0],"3":[0,0],"4":[0,0],"5":[0,0],"6":[0,0],"7":[0,0],"8":[0,0],"9":[0,0],"10":[0,0],"11":[0,0],"12":[0,0],"13":[0,0],"14":[0,0],"15":[0,0],"16":[0,0],"17":[0,0],"18":[0,0],"19":[0,0],"20":[0,0],"21":[0,0],"22":[0,0]},"inputSourceMap":null,"_coverageSchema":"1a1c01bbd47fc00a2c39e90264f33305004495a9","hash":"6896ca5a72f1b70fd0ebfb9b4e73a6452129cecd"}
,"/home/sanketdhokte/projects/genbi-data-engine/src/utils/errorHandler.js": {"path":"/home/sanketdhokte/projects/genbi-data-engine/src/utils/errorHandler.js","statementMap":{"0":{"start":{"line":1,"column":15},"end":{"line":1,"column":34}},"1":{"start":{"line":8,"column":4},"end":{"line":8,"column":19}},"2":{"start":{"line":9,"column":4},"end":{"line":9,"column":33}},"3":{"start":{"line":10,"column":4},"end":{"line":10,"column":39}},"4":{"start":{"line":11,"column":4},"end":{"line":11,"column":27}},"5":{"start":{"line":12,"column":4},"end":{"line":16,"column":5}},"6":{"start":{"line":13,"column":6},"end":{"line":13,"column":25}},"7":{"start":{"line":15,"column":6},"end":{"line":15,"column":54}},"8":{"start":{"line":25,"column":4},"end":{"line":25,"column":43}},"9":{"start":{"line":26,"column":4},"end":{"line":26,"column":34}},"10":{"start":{"line":35,"column":4},"end":{"line":35,"column":43}},"11":{"start":{"line":36,"column":4},"end":{"line":36,"column":32}},"12":{"start":{"line":45,"column":4},"end":{"line":45,"column":30}},"13":{"start":{"line":46,"column":4},"end":{"line":46,"column":32}},"14":{"start":{"line":53,"column":21},"end":{"line":114,"column":1}},"15":{"start":{"line":55,"column":20},"end":{"line":55,"column":39}},"16":{"start":{"line":56,"column":21},"end":{"line":56,"column":42}},"17":{"start":{"line":57,"column":24},"end":{"line":57,"column":83}},"18":{"start":{"line":60,"column":19},"end":{"line":74,"column":3}},"19":{"start":{"line":77,"column":2},"end":{"line":79,"column":3}},"20":{"start":{"line":78,"column":4},"end":{"line":78,"column":35}},"21":{"start":{"line":82,"column":2},"end":{"line":88,"column":3}},"22":{"start":{"line":83,"column":4},"end":{"line":83,"column":27}},"23":{"start":{"line":84,"column":9},"end":{"line":88,"column":3}},"24":{"start":{"line":85,"column":4},"end":{"line":85,"column":26}},"25":{"start":{"line":87,"column":4},"end":{"line":87,"column":26}},"26":{"start":{"line":91,"column":18},"end":{"line":93,"column":29}},"27":{"start":{"line":96,"column":24},"end":{"line":100,"column":3}},"28":{"start":{"line":103,"column":2},"end":{"line":105,"column":3}},"29":{"start":{"line":104,"column":4},"end":{"line":104,"column":40}},"30":{"start":{"line":108,"column":2},"end":{"line":110,"column":3}},"31":{"start":{"line":109,"column":4},"end":{"line":109,"column":36}},"32":{"start":{"line":113,"column":2},"end":{"line":113,"column":45}},"33":{"start":{"line":119,"column":27},"end":{"line":137,"column":1}},"34":{"start":{"line":121,"column":2},"end":{"line":127,"column":5}},"35":{"start":{"line":122,"column":4},"end":{"line":122,"column":47}},"36":{"start":{"line":124,"column":4},"end":{"line":126,"column":13}},"37":{"start":{"line":125,"column":6},"end":{"line":125,"column":22}},"38":{"start":{"line":130,"column":2},"end":{"line":136,"column":5}},"39":{"start":{"line":131,"column":4},"end":{"line":131,"column":48}},"40":{"start":{"line":133,"column":4},"end":{"line":135,"column":13}},"41":{"start":{"line":134,"column":6},"end":{"line":134,"column":22}},"42":{"start":{"line":145,"column":30},"end":{"line":147,"column":1}},"43":{"start":{"line":146,"column":2},"end":{"line":146,"column":47}},"44":{"start":{"line":155,"column":28},"end":{"line":157,"column":1}},"45":{"start":{"line":156,"column":2},"end":{"line":156,"column":66}},"46":{"start":{"line":165,"column":28},"end":{"line":167,"column":1}},"47":{"start":{"line":166,"column":2},"end":{"line":166,"column":45}},"48":{"start":{"line":169,"column":0},"end":{"line":179,"column":2}}},"fnMap":{"0":{"name":"(anonymous_0)","decl":{"start":{"line":7,"column":2},"end":{"line":7,"column":3}},"loc":{"start":{"line":7,"column":85},"end":{"line":17,"column":3}},"line":7},"1":{"name":"(anonymous_1)","decl":{"start":{"line":24,"column":2},"end":{"line":24,"column":3}},"loc":{"start":{"line":24,"column":32},"end":{"line":27,"column":3}},"line":24},"2":{"name":"(anonymous_2)","decl":{"start":{"line":34,"column":2},"end":{"line":34,"column":3}},"loc":{"start":{"line":34,"column":39},"end":{"line":37,"column":3}},"line":34},"3":{"name":"(anonymous_3)","decl":{"start":{"line":44,"column":2},"end":{"line":44,"column":3}},"loc":{"start":{"line":44,"column":23},"end":{"line":47,"column":3}},"line":44},"4":{"name":"(anonymous_4)","decl":{"start":{"line":53,"column":21},"end":{"line":53,"column":22}},"loc":{"start":{"line":53,"column":46},"end":{"line":114,"column":1}},"line":53},"5":{"name":"(anonymous_5)","decl":{"start":{"line":119,"column":27},"end":{"line":119,"column":28}},"loc":{"start":{"line":119,"column":33},"end":{"line":137,"column":1}},"line":119},"6":{"name":"(anonymous_6)","decl":{"start":{"line":121,"column":34},"end":{"line":121,"column":35}},"loc":{"start":{"line":121,"column":45},"end":{"line":127,"column":3}},"line":121},"7":{"name":"(anonymous_7)","decl":{"start":{"line":124,"column":15},"end":{"line":124,"column":16}},"loc":{"start":{"line":124,"column":21},"end":{"line":126,"column":5}},"line":124},"8":{"name":"(anonymous_8)","decl":{"start":{"line":130,"column":35},"end":{"line":130,"column":36}},"loc":{"start":{"line":130,"column":46},"end":{"line":136,"column":3}},"line":130},"9":{"name":"(anonymous_9)","decl":{"start":{"line":133,"column":15},"end":{"line":133,"column":16}},"loc":{"start":{"line":133,"column":21},"end":{"line":135,"column":5}},"line":133},"10":{"name":"(anonymous_10)","decl":{"start":{"line":145,"column":30},"end":{"line":145,"column":31}},"loc":{"start":{"line":145,"column":52},"end":{"line":147,"column":1}},"line":145},"11":{"name":"(anonymous_11)","decl":{"start":{"line":155,"column":28},"end":{"line":155,"column":29}},"loc":{"start":{"line":155,"column":46},"end":{"line":157,"column":1}},"line":155},"12":{"name":"(anonymous_12)","decl":{"start":{"line":165,"column":28},"end":{"line":165,"column":29}},"loc":{"start":{"line":165,"column":57},"end":{"line":167,"column":1}},"line":165}},"branchMap":{"0":{"loc":{"start":{"line":7,"column":35},"end":{"line":7,"column":55}},"type":"default-arg","locations":[{"start":{"line":7,"column":51},"end":{"line":7,"column":55}}],"line":7},"1":{"loc":{"start":{"line":7,"column":57},"end":{"line":7,"column":67}},"type":"default-arg","locations":[{"start":{"line":7,"column":65},"end":{"line":7,"column":67}}],"line":7},"2":{"loc":{"start":{"line":7,"column":69},"end":{"line":7,"column":83}},"type":"default-arg","locations":[{"start":{"line":7,"column":79},"end":{"line":7,"column":83}}],"line":7},"3":{"loc":{"start":{"line":12,"column":4},"end":{"line":16,"column":5}},"type":"if","locations":[{"start":{"line":12,"column":4},"end":{"line":16,"column":5}},{"start":{"line":14,"column":11},"end":{"line":16,"column":5}}],"line":12},"4":{"loc":{"start":{"line":34,"column":23},"end":{"line":34,"column":37}},"type":"default-arg","locations":[{"start":{"line":34,"column":33},"end":{"line":34,"column":37}}],"line":34},"5":{"loc":{"start":{"line":55,"column":20},"end":{"line":55,"column":39}},"type":"binary-expr","locations":[{"start":{"line":55,"column":20},"end":{"line":55,"column":28}},{"start":{"line":55,"column":32},"end":{"line":55,"column":39}}],"line":55},"6":{"loc":{"start":{"line":56,"column":21},"end":{"line":56,"column":42}},"type":"binary-expr","locations":[{"start":{"line":56,"column":21},"end":{"line":56,"column":35}},{"start":{"line":56,"column":39},"end":{"line":56,"column":42}}],"line":56},"7":{"loc":{"start":{"line":57,"column":24},"end":{"line":57,"column":83}},"type":"cond-expr","locations":[{"start":{"line":57,"column":58},"end":{"line":57,"column":75}},{"start":{"line":57,"column":78},"end":{"line":57,"column":83}}],"line":57},"8":{"loc":{"start":{"line":77,"column":2},"end":{"line":79,"column":3}},"type":"if","locations":[{"start":{"line":77,"column":2},"end":{"line":79,"column":3}},{"start":{},"end":{}}],"line":77},"9":{"loc":{"start":{"line":82,"column":2},"end":{"line":88,"column":3}},"type":"if","locations":[{"start":{"line":82,"column":2},"end":{"line":88,"column":3}},{"start":{"line":84,"column":9},"end":{"line":88,"column":3}}],"line":82},"10":{"loc":{"start":{"line":84,"column":9},"end":{"line":88,"column":3}},"type":"if","locations":[{"start":{"line":84,"column":9},"end":{"line":88,"column":3}},{"start":{"line":86,"column":9},"end":{"line":88,"column":3}}],"line":84},"11":{"loc":{"start":{"line":91,"column":18},"end":{"line":93,"column":29}},"type":"cond-expr","locations":[{"start":{"line":92,"column":6},"end":{"line":92,"column":17}},{"start":{"line":93,"column":6},"end":{"line":93,"column":29}}],"line":91},"12":{"loc":{"start":{"line":91,"column":18},"end":{"line":91,"column":73}},"type":"binary-expr","locations":[{"start":{"line":91,"column":18},"end":{"line":91,"column":31}},{"start":{"line":91,"column":35},"end":{"line":91,"column":73}}],"line":91},"13":{"loc":{"start":{"line":103,"column":2},"end":{"line":105,"column":3}},"type":"if","locations":[{"start":{"line":103,"column":2},"end":{"line":105,"column":3}},{"start":{},"end":{}}],"line":103},"14":{"loc":{"start":{"line":108,"column":2},"end":{"line":110,"column":3}},"type":"if","locations":[{"start":{"line":108,"column":2},"end":{"line":110,"column":3}},{"start":{},"end":{}}],"line":108},"15":{"loc":{"start":{"line":165,"column":38},"end":{"line":165,"column":52}},"type":"default-arg","locations":[{"start":{"line":165,"column":48},"end":{"line":165,"column":52}}],"line":165}},"s":{"0":2,"1":1,"2":1,"3":1,"4":1,"5":1,"6":0,"7":1,"8":1,"9":1,"10":0,"11":0,"12":0,"13":0,"14":2,"15":0,"16":0,"17":0,"18":0,"19":0,"20":0,"21":0,"22":0,"23":0,"24":0,"25":0,"26":0,"27":0,"28":0,"29":0,"30":0,"31":0,"32":0,"33":2,"34":0,"35":0,"36":0,"37":0,"38":0,"39":0,"40":0,"41":0,"42":2,"43":0,"44":2,"45":0,"46":2,"47":0,"48":2},"f":{"0":1,"1":1,"2":0,"3":0,"4":0,"5":0,"6":0,"7":0,"8":0,"9":0,"10":0,"11":0,"12":0},"b":{"0":[0],"1":[0],"2":[0],"3":[0,1],"4":[0],"5":[0,0],"6":[0,0],"7":[0,0],"8":[0,0],"9":[0,0],"10":[0,0],"11":[0,0],"12":[0,0],"13":[0,0],"14":[0,0],"15":[0]},"inputSourceMap":null,"_coverageSchema":"1a1c01bbd47fc00a2c39e90264f33305004495a9","hash":"8db12c0aa24f35bb183e430ad44bbfc79cc8be03"}
,"/home/sanketdhokte/projects/genbi-data-engine/src/utils/logger.js": {"path":"/home/sanketdhokte/projects/genbi-data-engine/src/utils/logger.js","statementMap":{"0":{"start":{"line":1,"column":16},"end":{"line":1,"column":34}},"1":{"start":{"line":2,"column":13},"end":{"line":2,"column":28}},"2":{"start":{"line":3,"column":15},"end":{"line":3,"column":42}},"3":{"start":{"line":10,"column":22},"end":{"line":10,"column":47}},"4":{"start":{"line":11,"column":15},"end":{"line":11,"column":38}},"5":{"start":{"line":12,"column":17},"end":{"line":12,"column":36}},"6":{"start":{"line":15,"column":18},"end":{"line":20,"column":1}},"7":{"start":{"line":23,"column":15},"end":{"line":38,"column":2}},"8":{"start":{"line":41,"column":0},"end":{"line":48,"column":1}},"9":{"start":{"line":42,"column":2},"end":{"line":47,"column":6}},"10":{"start":{"line":52,"column":0},"end":{"line":52,"column":24}}},"fnMap":{},"branchMap":{"0":{"loc":{"start":{"line":41,"column":0},"end":{"line":48,"column":1}},"type":"if","locations":[{"start":{"line":41,"column":0},"end":{"line":48,"column":1}},{"start":{},"end":{}}],"line":41}},"s":{"0":1,"1":1,"2":1,"3":1,"4":1,"5":1,"6":1,"7":1,"8":1,"9":1,"10":1},"f":{},"b":{"0":[1,0]},"inputSourceMap":null,"_coverageSchema":"1a1c01bbd47fc00a2c39e90264f33305004495a9","hash":"76f573c532d58059be6f258973bb586e9d8ef9c3"}
,"/home/sanketdhokte/projects/genbi-data-engine/src/utils/validationService.js": {"path":"/home/sanketdhokte/projects/genbi-data-engine/src/utils/validationService.js","statementMap":{"0":{"start":{"line":10,"column":27},"end":{"line":74,"column":1}},"1":{"start":{"line":11,"column":17},"end":{"line":11,"column":19}},"2":{"start":{"line":13,"column":2},"end":{"line":16,"column":3}},"3":{"start":{"line":14,"column":4},"end":{"line":14,"column":61}},"4":{"start":{"line":15,"column":4},"end":{"line":15,"column":38}},"5":{"start":{"line":19,"column":2},"end":{"line":23,"column":3}},"6":{"start":{"line":20,"column":4},"end":{"line":20,"column":46}},"7":{"start":{"line":21,"column":9},"end":{"line":23,"column":3}},"8":{"start":{"line":22,"column":4},"end":{"line":22,"column":84}},"9":{"start":{"line":26,"column":2},"end":{"line":68,"column":3}},"10":{"start":{"line":27,"column":4},"end":{"line":29,"column":5}},"11":{"start":{"line":28,"column":6},"end":{"line":28,"column":61}},"12":{"start":{"line":30,"column":9},"end":{"line":68,"column":3}},"13":{"start":{"line":31,"column":17},"end":{"line":31,"column":42}},"14":{"start":{"line":33,"column":4},"end":{"line":67,"column":5}},"15":{"start":{"line":35,"column":6},"end":{"line":43,"column":7}},"16":{"start":{"line":36,"column":8},"end":{"line":36,"column":83}},"17":{"start":{"line":37,"column":13},"end":{"line":43,"column":7}},"18":{"start":{"line":40,"column":8},"end":{"line":40,"column":74}},"19":{"start":{"line":41,"column":13},"end":{"line":43,"column":7}},"20":{"start":{"line":42,"column":8},"end":{"line":42,"column":69}},"21":{"start":{"line":44,"column":11},"end":{"line":67,"column":5}},"22":{"start":{"line":46,"column":6},"end":{"line":48,"column":7}},"23":{"start":{"line":47,"column":8},"end":{"line":47,"column":41}},"24":{"start":{"line":50,"column":6},"end":{"line":52,"column":7}},"25":{"start":{"line":51,"column":8},"end":{"line":51,"column":54}},"26":{"start":{"line":54,"column":6},"end":{"line":56,"column":7}},"27":{"start":{"line":55,"column":8},"end":{"line":55,"column":45}},"28":{"start":{"line":59,"column":6},"end":{"line":64,"column":7}},"29":{"start":{"line":60,"column":21},"end":{"line":60,"column":40}},"30":{"start":{"line":61,"column":8},"end":{"line":63,"column":9}},"31":{"start":{"line":62,"column":10},"end":{"line":62,"column":74}},"32":{"start":{"line":66,"column":6},"end":{"line":66,"column":54}},"33":{"start":{"line":70,"column":2},"end":{"line":73,"column":4}},"34":{"start":{"line":81,"column":22},"end":{"line":110,"column":1}},"35":{"start":{"line":82,"column":17},"end":{"line":82,"column":19}},"36":{"start":{"line":84,"column":2},"end":{"line":87,"column":3}},"37":{"start":{"line":85,"column":4},"end":{"line":85,"column":44}},"38":{"start":{"line":86,"column":4},"end":{"line":86,"column":38}},"39":{"start":{"line":90,"column":2},"end":{"line":94,"column":3}},"40":{"start":{"line":91,"column":4},"end":{"line":91,"column":43}},"41":{"start":{"line":92,"column":9},"end":{"line":94,"column":3}},"42":{"start":{"line":93,"column":4},"end":{"line":93,"column":64}},"43":{"start":{"line":97,"column":2},"end":{"line":99,"column":3}},"44":{"start":{"line":98,"column":4},"end":{"line":98,"column":44}},"45":{"start":{"line":102,"column":2},"end":{"line":104,"column":3}},"46":{"start":{"line":103,"column":4},"end":{"line":103,"column":60}},"47":{"start":{"line":106,"column":2},"end":{"line":109,"column":4}},"48":{"start":{"line":117,"column":26},"end":{"line":132,"column":1}},"49":{"start":{"line":118,"column":17},"end":{"line":118,"column":19}},"50":{"start":{"line":120,"column":2},"end":{"line":126,"column":3}},"51":{"start":{"line":121,"column":4},"end":{"line":121,"column":48}},"52":{"start":{"line":122,"column":9},"end":{"line":126,"column":3}},"53":{"start":{"line":123,"column":4},"end":{"line":123,"column":66}},"54":{"start":{"line":124,"column":9},"end":{"line":126,"column":3}},"55":{"start":{"line":125,"column":4},"end":{"line":125,"column":70}},"56":{"start":{"line":128,"column":2},"end":{"line":131,"column":4}},"57":{"start":{"line":134,"column":0},"end":{"line":138,"column":2}}},"fnMap":{"0":{"name":"(anonymous_0)","decl":{"start":{"line":10,"column":27},"end":{"line":10,"column":28}},"loc":{"start":{"line":10,"column":47},"end":{"line":74,"column":1}},"line":10},"1":{"name":"(anonymous_1)","decl":{"start":{"line":81,"column":22},"end":{"line":81,"column":23}},"loc":{"start":{"line":81,"column":37},"end":{"line":110,"column":1}},"line":81},"2":{"name":"(anonymous_2)","decl":{"start":{"line":117,"column":26},"end":{"line":117,"column":27}},"loc":{"start":{"line":117,"column":41},"end":{"line":132,"column":1}},"line":117}},"branchMap":{"0":{"loc":{"start":{"line":13,"column":2},"end":{"line":16,"column":3}},"type":"if","locations":[{"start":{"line":13,"column":2},"end":{"line":16,"column":3}},{"start":{},"end":{}}],"line":13},"1":{"loc":{"start":{"line":19,"column":2},"end":{"line":23,"column":3}},"type":"if","locations":[{"start":{"line":19,"column":2},"end":{"line":23,"column":3}},{"start":{"line":21,"column":9},"end":{"line":23,"column":3}}],"line":19},"2":{"loc":{"start":{"line":21,"column":9},"end":{"line":23,"column":3}},"type":"if","locations":[{"start":{"line":21,"column":9},"end":{"line":23,"column":3}},{"start":{},"end":{}}],"line":21},"3":{"loc":{"start":{"line":26,"column":2},"end":{"line":68,"column":3}},"type":"if","locations":[{"start":{"line":26,"column":2},"end":{"line":68,"column":3}},{"start":{"line":30,"column":9},"end":{"line":68,"column":3}}],"line":26},"4":{"loc":{"start":{"line":27,"column":4},"end":{"line":29,"column":5}},"type":"if","locations":[{"start":{"line":27,"column":4},"end":{"line":29,"column":5}},{"start":{},"end":{}}],"line":27},"5":{"loc":{"start":{"line":30,"column":9},"end":{"line":68,"column":3}},"type":"if","locations":[{"start":{"line":30,"column":9},"end":{"line":68,"column":3}},{"start":{},"end":{}}],"line":30},"6":{"loc":{"start":{"line":30,"column":13},"end":{"line":30,"column":101}},"type":"binary-expr","locations":[{"start":{"line":30,"column":13},"end":{"line":30,"column":32}},{"start":{"line":30,"column":36},"end":{"line":30,"column":101}}],"line":30},"7":{"loc":{"start":{"line":33,"column":4},"end":{"line":67,"column":5}},"type":"if","locations":[{"start":{"line":33,"column":4},"end":{"line":67,"column":5}},{"start":{"line":44,"column":11},"end":{"line":67,"column":5}}],"line":33},"8":{"loc":{"start":{"line":35,"column":6},"end":{"line":43,"column":7}},"type":"if","locations":[{"start":{"line":35,"column":6},"end":{"line":43,"column":7}},{"start":{"line":37,"column":13},"end":{"line":43,"column":7}}],"line":35},"9":{"loc":{"start":{"line":37,"column":13},"end":{"line":43,"column":7}},"type":"if","locations":[{"start":{"line":37,"column":13},"end":{"line":43,"column":7}},{"start":{"line":41,"column":13},"end":{"line":43,"column":7}}],"line":37},"10":{"loc":{"start":{"line":37,"column":17},"end":{"line":39,"column":49}},"type":"binary-expr","locations":[{"start":{"line":37,"column":17},"end":{"line":37,"column":51}},{"start":{"line":38,"column":16},"end":{"line":38,"column":47}},{"start":{"line":39,"column":16},"end":{"line":39,"column":49}}],"line":37},"11":{"loc":{"start":{"line":41,"column":13},"end":{"line":43,"column":7}},"type":"if","locations":[{"start":{"line":41,"column":13},"end":{"line":43,"column":7}},{"start":{},"end":{}}],"line":41},"12":{"loc":{"start":{"line":41,"column":17},"end":{"line":41,"column":80}},"type":"binary-expr","locations":[{"start":{"line":41,"column":17},"end":{"line":41,"column":48}},{"start":{"line":41,"column":52},"end":{"line":41,"column":80}}],"line":41},"13":{"loc":{"start":{"line":44,"column":11},"end":{"line":67,"column":5}},"type":"if","locations":[{"start":{"line":44,"column":11},"end":{"line":67,"column":5}},{"start":{"line":65,"column":11},"end":{"line":67,"column":5}}],"line":44},"14":{"loc":{"start":{"line":46,"column":6},"end":{"line":48,"column":7}},"type":"if","locations":[{"start":{"line":46,"column":6},"end":{"line":48,"column":7}},{"start":{},"end":{}}],"line":46},"15":{"loc":{"start":{"line":50,"column":6},"end":{"line":52,"column":7}},"type":"if","locations":[{"start":{"line":50,"column":6},"end":{"line":52,"column":7}},{"start":{},"end":{}}],"line":50},"16":{"loc":{"start":{"line":54,"column":6},"end":{"line":56,"column":7}},"type":"if","locations":[{"start":{"line":54,"column":6},"end":{"line":56,"column":7}},{"start":{},"end":{}}],"line":54},"17":{"loc":{"start":{"line":59,"column":6},"end":{"line":64,"column":7}},"type":"if","locations":[{"start":{"line":59,"column":6},"end":{"line":64,"column":7}},{"start":{},"end":{}}],"line":59},"18":{"loc":{"start":{"line":61,"column":8},"end":{"line":63,"column":9}},"type":"if","locations":[{"start":{"line":61,"column":8},"end":{"line":63,"column":9}},{"start":{},"end":{}}],"line":61},"19":{"loc":{"start":{"line":61,"column":12},"end":{"line":61,"column":52}},"type":"binary-expr","locations":[{"start":{"line":61,"column":12},"end":{"line":61,"column":23}},{"start":{"line":61,"column":27},"end":{"line":61,"column":36}},{"start":{"line":61,"column":40},"end":{"line":61,"column":52}}],"line":61},"20":{"loc":{"start":{"line":84,"column":2},"end":{"line":87,"column":3}},"type":"if","locations":[{"start":{"line":84,"column":2},"end":{"line":87,"column":3}},{"start":{},"end":{}}],"line":84},"21":{"loc":{"start":{"line":90,"column":2},"end":{"line":94,"column":3}},"type":"if","locations":[{"start":{"line":90,"column":2},"end":{"line":94,"column":3}},{"start":{"line":92,"column":9},"end":{"line":94,"column":3}}],"line":90},"22":{"loc":{"start":{"line":92,"column":9},"end":{"line":94,"column":3}},"type":"if","locations":[{"start":{"line":92,"column":9},"end":{"line":94,"column":3}},{"start":{},"end":{}}],"line":92},"23":{"loc":{"start":{"line":97,"column":2},"end":{"line":99,"column":3}},"type":"if","locations":[{"start":{"line":97,"column":2},"end":{"line":99,"column":3}},{"start":{},"end":{}}],"line":97},"24":{"loc":{"start":{"line":102,"column":2},"end":{"line":104,"column":3}},"type":"if","locations":[{"start":{"line":102,"column":2},"end":{"line":104,"column":3}},{"start":{},"end":{}}],"line":102},"25":{"loc":{"start":{"line":102,"column":6},"end":{"line":102,"column":76}},"type":"binary-expr","locations":[{"start":{"line":102,"column":6},"end":{"line":102,"column":29}},{"start":{"line":102,"column":33},"end":{"line":102,"column":76}}],"line":102},"26":{"loc":{"start":{"line":120,"column":2},"end":{"line":126,"column":3}},"type":"if","locations":[{"start":{"line":120,"column":2},"end":{"line":126,"column":3}},{"start":{"line":122,"column":9},"end":{"line":126,"column":3}}],"line":120},"27":{"loc":{"start":{"line":122,"column":9},"end":{"line":126,"column":3}},"type":"if","locations":[{"start":{"line":122,"column":9},"end":{"line":126,"column":3}},{"start":{"line":124,"column":9},"end":{"line":126,"column":3}}],"line":122},"28":{"loc":{"start":{"line":124,"column":9},"end":{"line":126,"column":3}},"type":"if","locations":[{"start":{"line":124,"column":9},"end":{"line":126,"column":3}},{"start":{},"end":{}}],"line":124}},"s":{"0":2,"1":10,"2":10,"3":0,"4":0,"5":10,"6":1,"7":9,"8":1,"9":10,"10":2,"11":1,"12":8,"13":6,"14":6,"15":2,"16":0,"17":2,"18":0,"19":2,"20":0,"21":4,"22":4,"23":1,"24":4,"25":0,"26":4,"27":0,"28":4,"29":4,"30":4,"31":1,"32":0,"33":10,"34":2,"35":5,"36":5,"37":0,"38":0,"39":5,"40":1,"41":4,"42":0,"43":5,"44":1,"45":5,"46":1,"47":5,"48":2,"49":4,"50":4,"51":1,"52":3,"53":1,"54":2,"55":1,"56":4,"57":2},"f":{"0":10,"1":5,"2":4},"b":{"0":[0,10],"1":[1,9],"2":[1,8],"3":[2,8],"4":[1,1],"5":[6,2],"6":[8,7],"7":[2,4],"8":[0,2],"9":[0,2],"10":[2,1,0],"11":[0,2],"12":[2,1],"13":[4,0],"14":[1,3],"15":[0,4],"16":[0,4],"17":[4,0],"18":[1,3],"19":[4,4,3],"20":[0,5],"21":[1,4],"22":[0,4],"23":[1,4],"24":[1,4],"25":[5,2],"26":[1,3],"27":[1,2],"28":[1,1]},"inputSourceMap":null,"_coverageSchema":"1a1c01bbd47fc00a2c39e90264f33305004495a9","hash":"e3e4946acd8917497b4e5ec4da9a6d970ff339c1"}
}
