TN:
SF:src/config/config.js
FN:12,(anonymous_0)
FN:57,(anonymous_1)
FN:65,(anonymous_2)
FN:73,(anonymous_3)
FN:81,(anonymous_4)
FN:89,(anonymous_5)
FN:97,(anonymous_6)
FN:105,(anonymous_7)
FN:113,(anonymous_8)
FNF:9
FNH:3
FNDA:1,(anonymous_0)
FNDA:0,(anonymous_1)
FNDA:0,(anonymous_2)
FNDA:0,(anonymous_3)
FNDA:0,(anonymous_4)
FNDA:1,(anonymous_5)
FNDA:0,(anonymous_6)
FNDA:1,(anonymous_7)
FNDA:0,(anonymous_8)
DA:1,1
DA:2,1
DA:3,1
DA:6,1
DA:13,1
DA:42,1
DA:43,0
DA:47,1
DA:48,1
DA:49,0
DA:58,0
DA:66,0
DA:74,0
DA:82,0
DA:90,1
DA:98,0
DA:106,1
DA:114,0
DA:119,1
LF:19
LH:11
BRDA:16,0,0,1
BRDA:16,0,1,0
BRDA:17,1,0,1
BRDA:17,1,1,0
BRDA:18,2,0,1
BRDA:18,2,1,0
BRDA:23,3,0,1
BRDA:23,3,1,1
BRDA:29,4,0,1
BRDA:29,4,1,0
BRDA:30,5,0,1
BRDA:30,5,1,0
BRDA:36,6,0,1
BRDA:36,6,1,0
BRDA:37,7,0,1
BRDA:37,7,1,1
BRDA:42,8,0,0
BRDA:42,8,1,1
BRDA:48,9,0,0
BRDA:48,9,1,1
BRF:20
BRH:12
end_of_record
TN:
SF:src/services/anthropic/anthropicService.js
FN:16,(anonymous_0)
FN:36,(anonymous_1)
FN:92,(anonymous_2)
FN:100,(anonymous_3)
FNF:4
FNH:4
FNDA:13,(anonymous_0)
FNDA:6,(anonymous_1)
FNDA:5,(anonymous_2)
FNDA:1,(anonymous_3)
DA:1,2
DA:2,2
DA:3,2
DA:17,13
DA:18,13
DA:19,13
DA:21,13
DA:37,6
DA:39,6
DA:40,6
DA:41,1
DA:44,5
DA:45,5
DA:48,5
DA:54,5
DA:59,5
DA:66,5
DA:68,5
DA:69,5
DA:71,5
DA:74,1
DA:76,1
DA:77,0
DA:79,0
DA:82,0
DA:83,0
DA:93,5
DA:101,1
DA:105,2
LF:29
LH:25
BRDA:36,0,0,0
BRDA:40,1,0,1
BRDA:40,1,1,5
BRDA:74,2,0,1
BRDA:74,2,1,0
BRDA:77,3,0,0
BRDA:77,3,1,0
BRF:7
BRH:3
end_of_record
TN:
SF:src/services/anthropic/anthropicServiceFactory.js
FN:27,(anonymous_0)
FNF:1
FNH:1
FNDA:5,(anonymous_0)
DA:1,1
DA:2,1
DA:3,1
DA:4,1
DA:5,1
DA:6,1
DA:28,5
DA:37,5
DA:43,5
DA:48,5
DA:49,5
DA:50,5
DA:54,5
DA:62,5
DA:63,3
DA:64,3
DA:68,2
DA:69,2
DA:76,5
DA:80,1
LF:20
LH:20
BRDA:27,0,0,3
BRDA:48,1,0,5
BRDA:48,1,1,0
BRDA:48,2,0,0
BRDA:48,2,1,0
BRDA:50,3,0,5
BRDA:50,3,1,0
BRDA:54,4,0,0
BRDA:54,4,1,5
BRDA:55,5,0,5
BRDA:55,5,1,4
BRDA:55,5,2,3
BRDA:62,6,0,3
BRDA:62,6,1,2
BRF:14
BRH:9
end_of_record
TN:
SF:src/services/anthropic/promptBuilder.js
FN:14,(anonymous_0)
FN:30,(anonymous_1)
FN:62,(anonymous_2)
FN:90,(anonymous_3)
FN:114,(anonymous_4)
FN:173,(anonymous_5)
FNF:6
FNH:6
FNDA:13,(anonymous_0)
FNDA:4,(anonymous_1)
FNDA:4,(anonymous_2)
FNDA:4,(anonymous_3)
FNDA:4,(anonymous_4)
FNDA:4,(anonymous_5)
DA:1,2
DA:15,13
DA:16,13
DA:17,13
DA:31,4
DA:34,4
DA:37,4
DA:40,4
DA:43,4
DA:44,4
DA:48,4
DA:49,4
DA:52,4
DA:63,4
DA:91,4
DA:92,0
DA:96,4
DA:97,0
DA:102,4
DA:116,4
DA:134,4
DA:135,0
DA:144,4
DA:145,0
DA:155,4
DA:166,4
DA:174,4
DA:190,2
LF:28
LH:24
BRDA:14,0,0,8
BRDA:43,1,0,4
BRDA:43,1,1,0
BRDA:48,2,0,4
BRDA:48,2,1,0
BRDA:91,3,0,0
BRDA:91,3,1,4
BRDA:96,4,0,0
BRDA:96,4,1,4
BRDA:134,5,0,0
BRDA:134,5,1,4
BRDA:144,6,0,0
BRDA:144,6,1,4
BRF:13
BRH:7
end_of_record
TN:
SF:src/services/anthropic/responseParser.js
FN:14,(anonymous_0)
FN:25,(anonymous_1)
FN:72,(anonymous_2)
FN:94,(anonymous_3)
FN:112,(anonymous_4)
FNF:5
FNH:5
FNDA:13,(anonymous_0)
FNDA:4,(anonymous_1)
FNDA:4,(anonymous_2)
FNDA:4,(anonymous_3)
FNDA:4,(anonymous_4)
DA:1,2
DA:2,2
DA:15,13
DA:16,13
DA:26,4
DA:27,4
DA:30,4
DA:31,0
DA:35,4
DA:37,4
DA:38,0
DA:42,4
DA:45,4
DA:46,4
DA:49,4
DA:50,4
DA:52,0
DA:54,0
DA:55,0
DA:58,0
DA:74,4
DA:77,4
DA:78,4
DA:80,4
DA:82,0
DA:86,4
DA:96,4
DA:97,0
DA:101,4
DA:102,0
DA:106,4
DA:112,4
DA:113,4
DA:116,4
DA:117,0
DA:127,2
LF:36
LH:26
BRDA:14,0,0,8
BRDA:30,1,0,0
BRDA:30,1,1,4
BRDA:30,2,0,4
BRDA:30,2,1,4
BRDA:30,2,2,4
BRDA:30,2,3,4
BRDA:37,3,0,0
BRDA:37,3,1,4
BRDA:45,4,0,4
BRDA:45,4,1,0
BRDA:54,5,0,0
BRDA:54,5,1,0
BRDA:80,6,0,0
BRDA:80,6,1,4
BRDA:82,7,0,0
BRDA:82,7,1,0
BRDA:96,8,0,0
BRDA:96,8,1,4
BRDA:96,9,0,4
BRDA:96,9,1,4
BRDA:101,10,0,0
BRDA:101,10,1,4
BRDA:116,11,0,0
BRDA:116,11,1,4
BRF:25
BRH:14
end_of_record
TN:
SF:src/services/anthropic/clients/iAnthropicClient.js
FN:15,(anonymous_0)
FN:23,(anonymous_1)
FN:31,(anonymous_2)
FNF:3
FNH:0
FNDA:0,(anonymous_0)
FNDA:0,(anonymous_1)
FNDA:0,(anonymous_2)
DA:16,0
DA:24,0
DA:32,0
DA:36,2
LF:4
LH:1
BRF:0
BRH:0
end_of_record
TN:
SF:src/services/anthropic/clients/mockAnthropicClient.js
FN:14,(anonymous_0)
FN:27,(anonymous_1)
FN:32,(anonymous_2)
FN:36,(anonymous_3)
FN:42,(anonymous_4)
FN:68,(anonymous_5)
FN:97,(anonymous_6)
FN:105,(anonymous_7)
FNF:8
FNH:8
FNDA:11,(anonymous_0)
FNDA:3,(anonymous_1)
FNDA:3,(anonymous_2)
FNDA:3,(anonymous_3)
FNDA:3,(anonymous_4)
FNDA:3,(anonymous_5)
FNDA:14,(anonymous_6)
FNDA:11,(anonymous_7)
DA:1,2
DA:2,2
DA:15,11
DA:16,11
DA:17,11
DA:28,3
DA:29,3
DA:32,3
DA:36,3
DA:39,3
DA:42,3
DA:45,3
DA:69,3
DA:72,3
DA:73,0
DA:74,3
DA:75,0
DA:76,3
DA:77,0
DA:78,3
DA:79,0
DA:80,3
DA:81,0
DA:82,3
DA:83,0
DA:84,3
DA:85,0
DA:86,3
DA:87,0
DA:89,3
DA:98,14
DA:106,11
DA:110,2
LF:33
LH:25
BRDA:14,0,0,0
BRDA:16,1,0,11
BRDA:16,1,1,0
BRDA:36,2,0,3
BRDA:36,2,1,0
BRDA:72,3,0,0
BRDA:72,3,1,3
BRDA:72,4,0,3
BRDA:72,4,1,3
BRDA:74,5,0,0
BRDA:74,5,1,3
BRDA:76,6,0,0
BRDA:76,6,1,3
BRDA:76,7,0,3
BRDA:76,7,1,3
BRDA:78,8,0,0
BRDA:78,8,1,3
BRDA:78,9,0,3
BRDA:78,9,1,0
BRDA:80,10,0,0
BRDA:80,10,1,3
BRDA:80,11,0,3
BRDA:80,11,1,0
BRDA:82,12,0,0
BRDA:82,12,1,3
BRDA:82,13,0,3
BRDA:82,13,1,0
BRDA:84,14,0,0
BRDA:84,14,1,3
BRDA:84,15,0,3
BRDA:84,15,1,0
BRDA:86,16,0,0
BRDA:86,16,1,3
BRDA:86,17,0,3
BRDA:86,17,1,0
BRF:35
BRH:19
end_of_record
TN:
SF:src/services/anthropic/clients/realAnthropicClient.js
FN:17,(anonymous_0)
FN:46,(anonymous_1)
FN:52,(anonymous_2)
FN:60,(anonymous_3)
FN:99,(anonymous_4)
FN:162,(anonymous_5)
FN:211,(anonymous_6)
FN:219,(anonymous_7)
FNF:8
FNH:3
FNDA:2,(anonymous_0)
FNDA:0,(anonymous_1)
FNDA:0,(anonymous_2)
FNDA:0,(anonymous_3)
FNDA:0,(anonymous_4)
FNDA:0,(anonymous_5)
FNDA:3,(anonymous_6)
FNDA:2,(anonymous_7)
DA:1,1
DA:2,1
DA:3,1
DA:4,1
DA:18,2
DA:20,2
DA:22,0
DA:23,0
DA:26,0
DA:28,2
DA:31,2
DA:34,2
DA:35,2
DA:47,0
DA:48,0
DA:52,0
DA:56,0
DA:57,0
DA:60,0
DA:63,0
DA:66,0
DA:85,0
DA:86,0
DA:94,0
DA:95,0
DA:96,0
DA:99,0
DA:102,0
DA:105,0
DA:123,0
DA:127,0
DA:128,0
DA:130,0
DA:133,0
DA:134,0
DA:147,0
DA:164,0
DA:165,0
DA:167,0
DA:169,0
DA:172,0
DA:175,0
DA:176,0
DA:180,0
DA:182,0
DA:183,0
DA:187,0
DA:188,0
DA:189,0
DA:190,0
DA:191,0
DA:192,0
DA:193,0
DA:194,0
DA:195,0
DA:196,0
DA:199,0
DA:202,0
DA:203,0
DA:212,3
DA:220,2
DA:224,1
LF:62
LH:13
BRDA:20,0,0,0
BRDA:20,0,1,2
BRDA:34,1,0,2
BRDA:34,1,1,0
BRDA:46,2,0,0
BRDA:56,3,0,0
BRDA:56,3,1,0
BRDA:60,4,0,0
BRDA:60,4,1,0
BRDA:94,5,0,0
BRDA:94,5,1,0
BRDA:99,6,0,0
BRDA:99,6,1,0
BRDA:133,7,0,0
BRDA:133,7,1,0
BRDA:133,8,0,0
BRDA:133,8,1,0
BRDA:165,9,0,0
BRDA:165,9,1,0
BRDA:175,10,0,0
BRDA:175,10,1,0
BRDA:175,11,0,0
BRDA:175,11,1,0
BRDA:182,12,0,0
BRDA:182,12,1,0
BRDA:187,13,0,0
BRDA:187,13,1,0
BRDA:187,14,0,0
BRDA:187,14,1,0
BRDA:189,15,0,0
BRDA:189,15,1,0
BRDA:189,16,0,0
BRDA:189,16,1,0
BRDA:191,17,0,0
BRDA:191,17,1,0
BRDA:191,18,0,0
BRDA:191,18,1,0
BRDA:193,19,0,0
BRDA:193,19,1,0
BRDA:193,20,0,0
BRDA:193,20,1,0
BRDA:195,21,0,0
BRDA:195,21,1,0
BRDA:195,22,0,0
BRDA:195,22,1,0
BRF:45
BRH:2
end_of_record
TN:
SF:src/utils/errorHandler.js
FN:7,(anonymous_0)
FN:24,(anonymous_1)
FN:34,(anonymous_2)
FN:44,(anonymous_3)
FN:53,(anonymous_4)
FN:119,(anonymous_5)
FN:121,(anonymous_6)
FN:124,(anonymous_7)
FN:130,(anonymous_8)
FN:133,(anonymous_9)
FN:145,(anonymous_10)
FN:155,(anonymous_11)
FN:165,(anonymous_12)
FNF:13
FNH:2
FNDA:1,(anonymous_0)
FNDA:1,(anonymous_1)
FNDA:0,(anonymous_2)
FNDA:0,(anonymous_3)
FNDA:0,(anonymous_4)
FNDA:0,(anonymous_5)
FNDA:0,(anonymous_6)
FNDA:0,(anonymous_7)
FNDA:0,(anonymous_8)
FNDA:0,(anonymous_9)
FNDA:0,(anonymous_10)
FNDA:0,(anonymous_11)
FNDA:0,(anonymous_12)
DA:1,2
DA:8,1
DA:9,1
DA:10,1
DA:11,1
DA:12,1
DA:13,0
DA:15,1
DA:25,1
DA:26,1
DA:35,0
DA:36,0
DA:45,0
DA:46,0
DA:53,2
DA:55,0
DA:56,0
DA:57,0
DA:60,0
DA:77,0
DA:78,0
DA:82,0
DA:83,0
DA:84,0
DA:85,0
DA:87,0
DA:91,0
DA:96,0
DA:103,0
DA:104,0
DA:108,0
DA:109,0
DA:113,0
DA:119,2
DA:121,0
DA:122,0
DA:124,0
DA:125,0
DA:130,0
DA:131,0
DA:133,0
DA:134,0
DA:145,2
DA:146,0
DA:155,2
DA:156,0
DA:165,2
DA:166,0
DA:169,2
LF:49
LH:15
BRDA:7,0,0,0
BRDA:7,1,0,0
BRDA:7,2,0,0
BRDA:12,3,0,0
BRDA:12,3,1,1
BRDA:34,4,0,0
BRDA:55,5,0,0
BRDA:55,5,1,0
BRDA:56,6,0,0
BRDA:56,6,1,0
BRDA:57,7,0,0
BRDA:57,7,1,0
BRDA:77,8,0,0
BRDA:77,8,1,0
BRDA:82,9,0,0
BRDA:82,9,1,0
BRDA:84,10,0,0
BRDA:84,10,1,0
BRDA:91,11,0,0
BRDA:91,11,1,0
BRDA:91,12,0,0
BRDA:91,12,1,0
BRDA:103,13,0,0
BRDA:103,13,1,0
BRDA:108,14,0,0
BRDA:108,14,1,0
BRDA:165,15,0,0
BRF:27
BRH:1
end_of_record
TN:
SF:src/utils/logger.js
FNF:0
FNH:0
DA:1,1
DA:2,1
DA:3,1
DA:10,1
DA:11,1
DA:12,1
DA:15,1
DA:23,1
DA:41,1
DA:42,1
DA:52,1
LF:11
LH:11
BRDA:41,0,0,1
BRDA:41,0,1,0
BRF:2
BRH:1
end_of_record
TN:
SF:src/utils/validationService.js
FN:10,(anonymous_0)
FN:81,(anonymous_1)
FN:117,(anonymous_2)
FNF:3
FNH:3
FNDA:10,(anonymous_0)
FNDA:5,(anonymous_1)
FNDA:4,(anonymous_2)
DA:10,2
DA:11,10
DA:13,10
DA:14,0
DA:15,0
DA:19,10
DA:20,1
DA:21,9
DA:22,1
DA:26,10
DA:27,2
DA:28,1
DA:30,8
DA:31,6
DA:33,6
DA:35,2
DA:36,0
DA:37,2
DA:40,0
DA:41,2
DA:42,0
DA:44,4
DA:46,4
DA:47,1
DA:50,4
DA:51,0
DA:54,4
DA:55,0
DA:59,4
DA:60,4
DA:61,4
DA:62,1
DA:66,0
DA:70,10
DA:81,2
DA:82,5
DA:84,5
DA:85,0
DA:86,0
DA:90,5
DA:91,1
DA:92,4
DA:93,0
DA:97,5
DA:98,1
DA:102,5
DA:103,1
DA:106,5
DA:117,2
DA:118,4
DA:120,4
DA:121,1
DA:122,3
DA:123,1
DA:124,2
DA:125,1
DA:128,4
DA:134,2
LF:58
LH:47
BRDA:13,0,0,0
BRDA:13,0,1,10
BRDA:19,1,0,1
BRDA:19,1,1,9
BRDA:21,2,0,1
BRDA:21,2,1,8
BRDA:26,3,0,2
BRDA:26,3,1,8
BRDA:27,4,0,1
BRDA:27,4,1,1
BRDA:30,5,0,6
BRDA:30,5,1,2
BRDA:30,6,0,8
BRDA:30,6,1,7
BRDA:33,7,0,2
BRDA:33,7,1,4
BRDA:35,8,0,0
BRDA:35,8,1,2
BRDA:37,9,0,0
BRDA:37,9,1,2
BRDA:37,10,0,2
BRDA:37,10,1,1
BRDA:37,10,2,0
BRDA:41,11,0,0
BRDA:41,11,1,2
BRDA:41,12,0,2
BRDA:41,12,1,1
BRDA:44,13,0,4
BRDA:44,13,1,0
BRDA:46,14,0,1
BRDA:46,14,1,3
BRDA:50,15,0,0
BRDA:50,15,1,4
BRDA:54,16,0,0
BRDA:54,16,1,4
BRDA:59,17,0,4
BRDA:59,17,1,0
BRDA:61,18,0,1
BRDA:61,18,1,3
BRDA:61,19,0,4
BRDA:61,19,1,4
BRDA:61,19,2,3
BRDA:84,20,0,0
BRDA:84,20,1,5
BRDA:90,21,0,1
BRDA:90,21,1,4
BRDA:92,22,0,0
BRDA:92,22,1,4
BRDA:97,23,0,1
BRDA:97,23,1,4
BRDA:102,24,0,1
BRDA:102,24,1,4
BRDA:102,25,0,5
BRDA:102,25,1,2
BRDA:120,26,0,1
BRDA:120,26,1,3
BRDA:122,27,0,1
BRDA:122,27,1,2
BRDA:124,28,0,1
BRDA:124,28,1,1
BRF:60
BRH:49
end_of_record
